#
# A fatal error has been detected by the Java Runtime Environment:
#
#  SIGBUS (0xa) at pc=0x0000000110aca6d0, pid=28245, tid=18691
#
# JRE version: OpenJDK Runtime Environment Corretto-17.0.7.7.1 (17.0.7+7) (build 17.0.7+7-LTS)
# Java VM: OpenJDK 64-Bit Server VM Corretto-17.0.7.7.1 (17.0.7+7-LTS, mixed mode, emulated-client, sharing, tiered, compressed oops, compressed class ptrs, g1 gc, bsd-amd64)
# Problematic frame:
# V  [libjvm.dylib+0x3586d0]  ConstantPool::klass_ref_at_noresolve(int)+0x20
#
# No core dump will be written. Core dumps have been disabled. To enable core dumping, try "ulimit -c unlimited" before starting Java again
#
# If you would like to submit a bug report, please visit:
#   https://github.com/corretto/corretto-17/issues/
#

---------------  S U M M A R Y ------------

Command Line: -XX:+ShowCodeDetailsInExceptionMessages -agentlib:jdwp=transport=dt_socket,suspend=y,address=localhost:65120 -Dcom.sun.management.jmxremote -Dcom.sun.management.jmxremote.port=65119 -Dcom.sun.management.jmxremote.authenticate=false -Dcom.sun.management.jmxremote.ssl=false -Djava.rmi.server.hostname=localhost -Dspring.jmx.enabled=true -Dmanagement.endpoints.jmx.exposure.include=* -Dspring.application.admin.enabled=true -Djava.security.egd=file:/dev/./urandom -XX:TieredStopAtLevel=1 -Dspring.boot.project.name=cards -javaagent:/Applications/SpringToolSuite4 2.app/Contents/Eclipse/configuration/org.eclipse.osgi/259/0/.cp/lib/javaagent-shaded.jar -Dfile.encoding=UTF-8 com.eazybytes.cards.CardsApplication --spring.output.ansi.enabled=always

Host: "Macmini8,1" x86_64 3200 MHz, 12 cores, 32G, Darwin 23.4.0, macOS 14.4.1 (23E224)
Time: Fri May  3 14:56:09 2024 PKT elapsed time: 206.155673 seconds (0d 0h 3m 26s)

---------------  T H R E A D  ---------------

Current thread (0x00007fdcb2f04630):  VMThread "VM Thread" [stack: 0x0000700004128000,0x0000700004228000] [id=18691]

Stack: [0x0000700004128000,0x0000700004228000],  sp=0x0000700004227750,  free space=1021k
Native frames: (J=compiled Java code, j=interpreted, Vv=VM code, C=native code)
V  [libjvm.dylib+0x3586d0]  ConstantPool::klass_ref_at_noresolve(int)+0x20
V  [libjvm.dylib+0x855901]  MethodComparator::args_same(Bytecodes::Code, Bytecodes::Code, BytecodeStream*, BytecodeStream*, ConstantPool*, ConstantPool*)+0x181
V  [libjvm.dylib+0x855567]  MethodComparator::methods_EMCP(Method*, Method*)+0x167
V  [libjvm.dylib+0x6f4e36]  VM_RedefineClasses::check_methods_and_mark_as_obsolete()+0xb6
V  [libjvm.dylib+0x6edf57]  VM_RedefineClasses::redefine_single_class(Thread*, _jclass*, InstanceKlass*)+0x1a7
V  [libjvm.dylib+0x6edbbb]  VM_RedefineClasses::doit()+0x8b
V  [libjvm.dylib+0xb207b0]  VM_Operation::evaluate()+0xd0
V  [libjvm.dylib+0xb31ed3]  VMThread::evaluate_operation(VM_Operation*)+0x103
V  [libjvm.dylib+0xb32816]  VMThread::inner_execute(VM_Operation*)+0x1f6
V  [libjvm.dylib+0xb31b9a]  VMThread::run()+0xca
V  [libjvm.dylib+0xaa50ff]  Thread::call_run()+0xbf
V  [libjvm.dylib+0x8acc08]  thread_native_entry(Thread*)+0x148
C  [libsystem_pthread.dylib+0x618b]  _pthread_start+0x63
C  [libsystem_pthread.dylib+0x1ae3]  thread_start+0xf


siginfo: si_signo: 10 (SIGBUS), si_code: 2 (BUS_ADRERR), si_addr: 0x0000000134e2d950

Register to memory mapping:

RAX=0x0000000134c2d948 is pointing into metadata
RBX=0x000000000000ffff is an unknown value
RCX=0x00000000001fffe0 is an unknown value
RDX=0x0000700004227840 points into unknown readable memory: 0x0000000134bf35d0 | d0 35 bf 34 01 00 00 00
RSP=0x0000700004227750 points into unknown readable memory: 0x0000000800454068 | 68 40 45 00 08 00 00 00
RBP=0x0000700004227760 points into unknown readable memory: 0x00007000042277e0 | e0 77 22 04 00 70 00 00
RSI=0x000000000000ffff is an unknown value
RDI=0x0000000134c2c118 is pointing into metadata
R8 =0x0000000134bf1940 is pointing into metadata
R9 =0x0000000134c2c118 is pointing into metadata
R10=0x0000000000000005 is an unknown value
R11=0x0 is NULL
R12=0x000000000000ffff is an unknown value
R13=0x000000000000000b is an unknown value
R14=0x0000000134c2c118 is pointing into metadata
R15=0x0000000134bf1940 is pointing into metadata


Registers:
RAX=0x0000000134c2d948, RBX=0x000000000000ffff, RCX=0x00000000001fffe0, RDX=0x0000700004227840
RSP=0x0000700004227750, RBP=0x0000700004227760, RSI=0x000000000000ffff, RDI=0x0000000134c2c118
R8 =0x0000000134bf1940, R9 =0x0000000134c2c118, R10=0x0000000000000005, R11=0x0000000000000000
R12=0x000000000000ffff, R13=0x000000000000000b, R14=0x0000000134c2c118, R15=0x0000000134bf1940
RIP=0x0000000110aca6d0, EFLAGS=0x0000000000010202, ERR=0x0000000000000004
  TRAPNO=0x000000000000000e

Top of Stack: (sp=0x0000700004227750)
0x0000700004227750:   0000000800454068 0000000134c2c118
0x0000700004227760:   00007000042277e0 0000000110fc7901
0x0000700004227770:   0000000000000100 0000600001e78310
0x0000700004227780:   0000600001959e20 0000700004227810
0x0000700004227790:   00007fdcb2f04630 0000000134c2c118
0x00007000042277a0:   00007000042277c0 0000000110c33af3
0x00007000042277b0:   0000000134c2c118 0000000000000000
0x00007000042277c0:   0000700004227810 0000700004227840
0x00007000042277d0:   00000000000000b7 0000000134c2c118
0x00007000042277e0:   00007000042278a0 0000000110fc7567
0x00007000042277f0:   0000000134c2cd28 00007fdcb2f04630
0x0000700004227800:   0000000134bf1940 0000700004d4ba38
0x0000700004227810:   0000000134c2cd28 0000000134c2cd28
0x0000700004227820:   00007fdcb2f04630 0000000400000001
0x0000700004227830:   000000b70000000a 000000b710e60000
0x0000700004227840:   0000000134bf35d0 0000000134bf35d0
0x0000700004227850:   00007fdcb2f04630 0000000400000001
0x0000700004227860:   000000b70000000a 000000b700000000
0x0000700004227870:   f9653b0b0f370060 0000000134bf35d0
0x0000700004227880:   0000000801a1f630 0000000000000001
0x0000700004227890:   0000000000000000 0000000000000000
0x00007000042278a0:   0000700004227910 0000000110e66e36
0x00007000042278b0:   0000700004d4ba38 00007fdcb3d055c8
0x00007000042278c0:   0000000000000000 0000700004d4ba38
0x00007000042278d0:   0000700004227910 fffffffe10e672ea
0x00007000042278e0:   0000000034c2c698 0000000000000005
0x00007000042278f0:   0000000801a1f630 0000700004d4ba38
0x0000700004227900:   0000000801a18c30 0000700004d4ba38
0x0000700004227910:   00007000042279e0 0000000110e5ff57
0x0000700004227920:   00007fdcb2f04630 0000600002f79bc0
0x0000700004227930:   0000600000570000 0000600000570010
0x0000700004227940:   00006000005700e8 00000000000000d8 

Instructions: (pc=0x0000000110aca6d0)
0x0000000110aca5d0:   89 d6 41 89 f7 48 89 fb 85 f6 78 70 48 8b 43 10
0x0000000110aca5e0:   48 85 c0 74 10 49 63 cf 48 c1 e1 05 48 8b 44 08
0x0000000110aca5f0:   28 44 0f b7 f8 49 63 c7 44 0f b7 7c c3 48 48 89
0x0000000110aca600:   5d c8 4c 89 75 d0 48 85 db 74 14 49 8b be 40 02
0x0000000110aca610:   00 00 48 89 5d d8 48 8d 75 d8 e8 a1 b0 ca ff 4c
0x0000000110aca620:   8d 65 c8 4c 89 e7 44 89 fe 4c 89 f2 e8 cf f2 ff
0x0000000110aca630:   ff 48 89 c3 4c 89 e7 e8 d4 98 16 00 48 89 d8 48
0x0000000110aca640:   83 c4 20 5b 41 5c 41 5e 41 5f 5d c3 48 8d 3d d7
0x0000000110aca650:   cc 85 00 48 8d 15 0b cd 85 00 48 8d 0d 43 cd 85
0x0000000110aca660:   00 be b4 02 00 00 31 c0 e8 23 f6 00 00 e8 fe 40
0x0000000110aca670:   55 00 48 8b 43 10 48 85 c0 0f 85 66 ff ff ff e9
0x0000000110aca680:   71 ff ff ff 66 2e 0f 1f 84 00 00 00 00 00 66 90
0x0000000110aca690:   55 48 89 e5 48 63 c6 8b 44 c7 48 48 c1 e8 0d 25
0x0000000110aca6a0:   f8 ff 07 00 48 8b 44 07 48 5d c3 0f 1f 44 00 00
0x0000000110aca6b0:   55 48 89 e5 41 56 53 89 f3 49 89 fe 85 f6 78 39
0x0000000110aca6c0:   49 8b 46 10 48 85 c0 74 0f 48 63 cb 48 c1 e1 05
0x0000000110aca6d0:   48 8b 44 08 28 0f b7 d8 48 63 c3 41 0f b7 44 c6
0x0000000110aca6e0:   48 41 8b 44 c6 48 48 c1 e8 0d 25 f8 ff 07 00 49
0x0000000110aca6f0:   8b 44 06 48 5b 41 5e 5d c3 48 8d 3d 2a cc 85 00
0x0000000110aca700:   48 8d 15 5e cc 85 00 48 8d 0d 96 cc 85 00 be b4
0x0000000110aca710:   02 00 00 31 c0 e8 76 f5 00 00 e8 51 40 55 00 49
0x0000000110aca720:   8b 46 10 48 85 c0 75 a1 eb ae 66 0f 1f 44 00 00
0x0000000110aca730:   55 48 89 e5 41 56 53 41 89 f6 48 89 fb 85 f6 79
0x0000000110aca740:   26 48 8d 3d e2 cb 85 00 48 8d 15 16 cc 85 00 48
0x0000000110aca750:   8d 0d 4e cc 85 00 be b4 02 00 00 31 c0 e8 2e f5
0x0000000110aca760:   00 00 e8 09 40 55 00 49 63 c6 0f b7 44 c3 48 8b
0x0000000110aca770:   44 c3 48 48 c1 e8 0d 25 f8 ff 07 00 48 8b 44 03
0x0000000110aca780:   48 5b 41 5e 5d c3 66 2e 0f 1f 84 00 00 00 00 00
0x0000000110aca790:   55 48 89 e5 48 63 c6 48 8b 7c c7 48 48 83 e7 fe
0x0000000110aca7a0:   5d e9 3a cc 6f 00 66 2e 0f 1f 84 00 00 00 00 00
0x0000000110aca7b0:   55 48 89 e5 48 63 c6 48 8b 44 c7 48 0f be 78 06
0x0000000110aca7c0:   5d e9 ea 9d 68 00 66 2e 0f 1f 84 00 00 00 00 00 


Stack slot to memory mapping:
stack at sp + 0 slots: 0x0000000800454068 is pointing into metadata
stack at sp + 1 slots: 0x0000000134c2c118 is pointing into metadata
stack at sp + 2 slots: 0x00007000042277e0 points into unknown readable memory: 0x00007000042278a0 | a0 78 22 04 00 70 00 00
stack at sp + 3 slots: 0x0000000110fc7901: _ZN16MethodComparator9args_sameEN9Bytecodes4CodeES1_P14BytecodeStreamS3_P12ConstantPoolS5_+0x181 in /Users/hamir01/Library/Java/JavaVirtualMachines/corretto-17.0.7/Contents/Home/lib/server/libjvm.dylib at 0x0000000110772000
stack at sp + 4 slots: 0x0000000000000100 is an unknown value
stack at sp + 5 slots: 0x0000600001e78310 points into unknown readable memory: 0x0000000000000000 | 00 00 00 00 00 00 00 00
stack at sp + 6 slots: 0x0000600001959e20 points into unknown readable memory: 0x00007fdcb2f04630 | 30 46 f0 b2 dc 7f 00 00
stack at sp + 7 slots: 0x0000700004227810 points into unknown readable memory: 0x0000000134c2cd28 | 28 cd c2 34 01 00 00 00

VM_Operation (0x0000700004d4ba38): RedefineClasses, mode: safepoint, requested by thread 0x00007fdcc0008800, redefining class com.eazybytes.cards.controller.CardsController



---------------  P R O C E S S  ---------------

Threads class SMR info:
_java_thread_list=0x0000600003cb7a40, length=37, elements={
0x00007fdcb6020400, 0x00007fdcb305ae00, 0x00007fdcc100ca00, 0x00007fdcb500ea00,
0x00007fdcc0849a00, 0x00007fdcb780ae00, 0x00007fdcb5808200, 0x00007fdc8303e200,
0x00007fdcc0008800, 0x00007fdcb5864c00, 0x00007fdcb5865200, 0x00007fdcb780a800,
0x00007fdcb483b200, 0x00007fdcb4808200, 0x00007fdcc002aa00, 0x00007fdcb6023c00,
0x00007fdcb700b800, 0x00007fdcb30f7200, 0x00007fdcb611d800, 0x00007fdcb58ee200,
0x00007fdcb5020200, 0x00007fdcb485b200, 0x00007fdcc00c3000, 0x00007fdcc100d600,
0x00007fdcb78e4600, 0x00007fdcb613f400, 0x00007fdcb48efe00, 0x00007fdcb581ba00,
0x00007fdcb581c000, 0x00007fdcb581c600, 0x00007fdcb5817a00, 0x00007fdcb4132800,
0x00007fdcc1127600, 0x00007fdcb5818000, 0x00007fdcb5818600, 0x00007fdc830dd200,
0x00007fdcb613fa00
}

Java Threads: ( => current thread )
  0x00007fdcb6020400 JavaThread "Reference Handler" daemon [_thread_blocked, id=18947, stack(0x000070000422b000,0x000070000432b000)]
  0x00007fdcb305ae00 JavaThread "Finalizer" daemon [_thread_blocked, id=19715, stack(0x000070000432e000,0x000070000442e000)]
  0x00007fdcc100ca00 JavaThread "Signal Dispatcher" daemon [_thread_blocked, id=31235, stack(0x0000700004537000,0x0000700004637000)]
  0x00007fdcb500ea00 JavaThread "Service Thread" daemon [_thread_blocked, id=30723, stack(0x000070000463a000,0x000070000473a000)]
  0x00007fdcc0849a00 JavaThread "Monitor Deflation Thread" daemon [_thread_blocked, id=23555, stack(0x000070000473d000,0x000070000483d000)]
  0x00007fdcb780ae00 JavaThread "C1 CompilerThread0" daemon [_thread_blocked, id=23811, stack(0x0000700004840000,0x0000700004940000)]
  0x00007fdcb5808200 JavaThread "Sweeper thread" daemon [_thread_blocked, id=30211, stack(0x0000700004943000,0x0000700004a43000)]
  0x00007fdc8303e200 JavaThread "Common-Cleaner" daemon [_thread_blocked, id=24579, stack(0x0000700004a46000,0x0000700004b46000)]
  0x00007fdcc0008800 JavaThread "JDWP Transport Listener: dt_socket" daemon [_thread_blocked, id=29699, stack(0x0000700004c4c000,0x0000700004d4c000)]
  0x00007fdcb5864c00 JavaThread "JDWP Event Helper Thread" daemon [_thread_blocked, id=29443, stack(0x0000700004d4f000,0x0000700004e4f000)]
  0x00007fdcb5865200 JavaThread "JDWP Command Reader" daemon [_thread_in_native, id=28931, stack(0x0000700004e52000,0x0000700004f52000)]
  0x00007fdcb780a800 JavaThread "Notification Thread" daemon [_thread_blocked, id=28675, stack(0x0000700004f55000,0x0000700005055000)]
  0x00007fdcb483b200 JavaThread "RMI TCP Accept-0" daemon [_thread_in_native, id=27907, stack(0x000070000515b000,0x000070000525b000)]
  0x00007fdcb4808200 JavaThread "RMI TCP Accept-65119" daemon [_thread_in_native, id=27395, stack(0x000070000525e000,0x000070000535e000)]
  0x00007fdcc002aa00 JavaThread "RMI TCP Accept-0" daemon [_thread_in_native, id=26883, stack(0x0000700005361000,0x0000700005461000)]
  0x00007fdcb6023c00 JavaThread "RMI Scheduler(0)" daemon [_thread_blocked, id=40195, stack(0x000070000618b000,0x000070000628b000)]
  0x00007fdcb700b800 JavaThread "RMI TCP Connection(5)-127.0.0.1" daemon [_thread_in_native, id=36099, stack(0x000070000628e000,0x000070000638e000)]
  0x00007fdcb30f7200 JavaThread "JMX server connection timeout 27" daemon [_thread_blocked, id=39683, stack(0x0000700006391000,0x0000700006491000)]
  0x00007fdcb611d800 JavaThread "Live Reload Server" daemon [_thread_in_native, id=64779, stack(0x0000700006daf000,0x0000700006eaf000)]
  0x00007fdcb58ee200 JavaThread "DestroyJavaVM" [_thread_blocked, id=8451, stack(0x0000700003b16000,0x0000700003c16000)]
  0x00007fdcb5020200 JavaThread "HikariPool-2 housekeeper" daemon [_thread_blocked, id=37387, stack(0x0000700006088000,0x0000700006188000)]
  0x00007fdcb485b200 JavaThread "Catalina-utility-1" [_thread_blocked, id=46347, stack(0x0000700006597000,0x0000700006697000)]
  0x00007fdcc00c3000 JavaThread "Catalina-utility-2" [_thread_blocked, id=36875, stack(0x000070000669a000,0x000070000679a000)]
  0x00007fdcc100d600 JavaThread "container-0" [_thread_blocked, id=44295, stack(0x00007000068a0000,0x00007000069a0000)]
  0x00007fdcb78e4600 JavaThread "File Watcher" daemon [_thread_blocked, id=64263, stack(0x0000700006aa6000,0x0000700006ba6000)]
  0x00007fdcb613f400 JavaThread "http-nio-9000-exec-1" daemon [_thread_blocked, id=44551, stack(0x0000700006ba9000,0x0000700006ca9000)]
  0x00007fdcb48efe00 JavaThread "http-nio-9000-exec-2" daemon [_thread_blocked, id=63239, stack(0x0000700006cac000,0x0000700006dac000)]
  0x00007fdcb581ba00 JavaThread "http-nio-9000-exec-3" daemon [_thread_blocked, id=62983, stack(0x0000700006eb2000,0x0000700006fb2000)]
  0x00007fdcb581c000 JavaThread "http-nio-9000-exec-4" daemon [_thread_blocked, id=45831, stack(0x0000700006fb5000,0x00007000070b5000)]
  0x00007fdcb581c600 JavaThread "http-nio-9000-exec-5" daemon [_thread_blocked, id=62727, stack(0x00007000070b8000,0x00007000071b8000)]
  0x00007fdcb5817a00 JavaThread "http-nio-9000-exec-6" daemon [_thread_blocked, id=63495, stack(0x00007000071bb000,0x00007000072bb000)]
  0x00007fdcb4132800 JavaThread "http-nio-9000-exec-7" daemon [_thread_blocked, id=61959, stack(0x00007000072be000,0x00007000073be000)]
  0x00007fdcc1127600 JavaThread "http-nio-9000-exec-8" daemon [_thread_blocked, id=61703, stack(0x00007000073c1000,0x00007000074c1000)]
  0x00007fdcb5818000 JavaThread "http-nio-9000-exec-9" daemon [_thread_blocked, id=22795, stack(0x00007000074c4000,0x00007000075c4000)]
  0x00007fdcb5818600 JavaThread "http-nio-9000-exec-10" daemon [_thread_blocked, id=29959, stack(0x00007000075c7000,0x00007000076c7000)]
  0x00007fdc830dd200 JavaThread "http-nio-9000-Poller" daemon [_thread_in_native, id=65287, stack(0x00007000076ca000,0x00007000077ca000)]
  0x00007fdcb613fa00 JavaThread "http-nio-9000-Acceptor" daemon [_thread_in_native, id=38919, stack(0x00007000077cd000,0x00007000078cd000)]

Other Threads:
=>0x00007fdcb2f04630 VMThread "VM Thread" [stack: 0x0000700004128000,0x0000700004228000] [id=18691]
  0x00007fdcb3d0ac20 WatcherThread [stack: 0x0000700005464000,0x0000700005564000] [id=26115]
  0x00007fdcb39045b0 GCTaskThread "GC Thread#0" [stack: 0x0000700003c19000,0x0000700003d19000] [id=14595]
  0x00007fdcb3c117d0 GCTaskThread "GC Thread#1" [stack: 0x0000700005567000,0x0000700005667000] [id=32771]
  0x00007fdcb3e10a10 GCTaskThread "GC Thread#2" [stack: 0x000070000566a000,0x000070000576a000] [id=43267]
  0x00007fdcb3f0d620 GCTaskThread "GC Thread#3" [stack: 0x000070000576d000,0x000070000586d000] [id=33539]
  0x00007fdcb3f0de80 GCTaskThread "GC Thread#4" [stack: 0x0000700005870000,0x0000700005970000] [id=33795]
  0x00007fdcb3d0c900 GCTaskThread "GC Thread#5" [stack: 0x0000700005973000,0x0000700005a73000] [id=42499]
  0x00007fdcb3c12050 GCTaskThread "GC Thread#6" [stack: 0x0000700005a76000,0x0000700005b76000] [id=41987]
  0x00007fdcb3c128b0 GCTaskThread "GC Thread#7" [stack: 0x0000700005b79000,0x0000700005c79000] [id=41731]
  0x00007fdcb3c13110 GCTaskThread "GC Thread#8" [stack: 0x0000700005c7c000,0x0000700005d7c000] [id=41475]
  0x00007fdcb3f0e6e0 GCTaskThread "GC Thread#9" [stack: 0x0000700005d7f000,0x0000700005e7f000] [id=41219]
  0x00007fdcb3c04640 ConcurrentGCThread "G1 Main Marker" [stack: 0x0000700003d1c000,0x0000700003e1c000] [id=14339]
  0x00007fdcb3c04ec0 ConcurrentGCThread "G1 Conc#0" [stack: 0x0000700003e1f000,0x0000700003f1f000] [id=13315]
  0x00007fdc92f12fb0 ConcurrentGCThread "G1 Conc#1" [stack: 0x0000700006494000,0x0000700006594000] [id=36359]
  0x00007fdcb3a14040 ConcurrentGCThread "G1 Conc#2" [stack: 0x000070000679d000,0x000070000689d000] [id=38403]
  0x00007fdcb3d04460 ConcurrentGCThread "G1 Refine#0" [stack: 0x0000700003f22000,0x0000700004022000] [id=16899]
  0x00007fdcb3822bc0 ConcurrentGCThread "G1 Refine#1" [stack: 0x0000700005058000,0x0000700005158000] [id=25863]
  0x00007fdcb3f043e0 ConcurrentGCThread "G1 Service" [stack: 0x0000700004025000,0x0000700004125000] [id=21251]

Threads with active compile tasks:

VM state: at safepoint (normal execution)

VM Mutex/Monitor currently owned by a thread:  ([mutex/lock_event])
[0x000060000147ec00] Threads_lock - owner thread: 0x00007fdcb2f04630

Heap address: 0x0000000600000000, size: 8192 MB, Compressed Oops mode: Zero based, Oop shift amount: 3

CDS archive(s) mapped at: [0x0000000800000000-0x0000000800bd2000-0x0000000800bd2000), size 12394496, SharedBaseAddress: 0x0000000800000000, ArchiveRelocationMode: 0.
Compressed class space mapped at: 0x0000000801000000-0x0000000841000000, reserved size: 1073741824
Narrow klass base: 0x0000000800000000, Narrow klass shift: 0, Narrow klass range: 0x100000000

GC Precious Log:
 CPUs: 12 total, 12 available
 Memory: 32768M
 Large Page Support: Disabled
 NUMA Support: Disabled
 Compressed Oops: Enabled (Zero based)
 Heap Region Size: 4M
 Heap Min Capacity: 8M
 Heap Initial Capacity: 512M
 Heap Max Capacity: 8G
 Pre-touch: Disabled
 Parallel Workers: 10
 Concurrent Workers: 3
 Concurrent Refinement Workers: 10
 Periodic GC: Disabled

Heap:
 garbage-first heap   total 122880K, used 47053K [0x0000000600000000, 0x0000000800000000)
  region size 4096K, 6 young (24576K), 2 survivors (8192K)
 Metaspace       used 70902K, committed 71488K, reserved 1114112K
  class space    used 10057K, committed 10304K, reserved 1048576K

Heap Regions: E=young(eden), S=young(survivor), O=old, HS=humongous(starts), HC=humongous(continues), CS=collection set, F=free, OA=open archive, CA=closed archive, TAMS=top-at-mark-start (previous, next)
|   0|0x0000000600000000, 0x00000006003fffe0, 0x0000000600400000| 99%| O|  |TAMS 0x0000000600000000, 0x0000000600000000| Untracked 
|   1|0x0000000600400000, 0x0000000600800000, 0x0000000600800000|100%| O|  |TAMS 0x0000000600400000, 0x0000000600400000| Untracked 
|   2|0x0000000600800000, 0x0000000600bffff8, 0x0000000600c00000| 99%| O|  |TAMS 0x0000000600800000, 0x0000000600800000| Untracked 
|   3|0x0000000600c00000, 0x0000000601000000, 0x0000000601000000|100%| O|  |TAMS 0x0000000600c00000, 0x0000000600c00000| Untracked 
|   4|0x0000000601000000, 0x00000006013fffb0, 0x0000000601400000| 99%| O|  |TAMS 0x0000000601000000, 0x0000000601000000| Untracked 
|   5|0x0000000601400000, 0x00000006016dc758, 0x0000000601800000| 71%| O|  |TAMS 0x0000000601400000, 0x0000000601400000| Untracked 
|   6|0x0000000601800000, 0x000000060197b660, 0x0000000601c00000| 37%| O|  |TAMS 0x0000000601800000, 0x0000000601800000| Untracked 
|   7|0x0000000601c00000, 0x0000000601c00000, 0x0000000602000000|  0%| F|  |TAMS 0x0000000601c00000, 0x0000000601c00000| Untracked 
|   8|0x0000000602000000, 0x0000000602000000, 0x0000000602400000|  0%| F|  |TAMS 0x0000000602000000, 0x0000000602000000| Untracked 
|   9|0x0000000602400000, 0x0000000602400000, 0x0000000602800000|  0%| F|  |TAMS 0x0000000602400000, 0x0000000602400000| Untracked 
|  10|0x0000000602800000, 0x0000000602800000, 0x0000000602c00000|  0%| F|  |TAMS 0x0000000602800000, 0x0000000602800000| Untracked 
|  11|0x0000000602c00000, 0x0000000602da68a8, 0x0000000603000000| 41%| S|CS|TAMS 0x0000000602c00000, 0x0000000602c00000| Complete 
|  12|0x0000000603000000, 0x0000000603400000, 0x0000000603400000|100%| S|CS|TAMS 0x0000000603000000, 0x0000000603000000| Complete 
|  13|0x0000000603400000, 0x0000000603400000, 0x0000000603800000|  0%| F|  |TAMS 0x0000000603400000, 0x0000000603400000| Untracked 
|  14|0x0000000603800000, 0x0000000603800000, 0x0000000603c00000|  0%| F|  |TAMS 0x0000000603800000, 0x0000000603800000| Untracked 
|  15|0x0000000603c00000, 0x0000000603c00000, 0x0000000604000000|  0%| F|  |TAMS 0x0000000603c00000, 0x0000000603c00000| Untracked 
|  16|0x0000000604000000, 0x0000000604000000, 0x0000000604400000|  0%| F|  |TAMS 0x0000000604000000, 0x0000000604000000| Untracked 
|  17|0x0000000604400000, 0x0000000604400000, 0x0000000604800000|  0%| F|  |TAMS 0x0000000604400000, 0x0000000604400000| Untracked 
|  18|0x0000000604800000, 0x0000000604800000, 0x0000000604c00000|  0%| F|  |TAMS 0x0000000604800000, 0x0000000604800000| Untracked 
|  19|0x0000000604c00000, 0x0000000604c00000, 0x0000000605000000|  0%| F|  |TAMS 0x0000000604c00000, 0x0000000604c00000| Untracked 
|  20|0x0000000605000000, 0x0000000605000000, 0x0000000605400000|  0%| F|  |TAMS 0x0000000605000000, 0x0000000605000000| Untracked 
|  21|0x0000000605400000, 0x0000000605400000, 0x0000000605800000|  0%| F|  |TAMS 0x0000000605400000, 0x0000000605400000| Untracked 
|  22|0x0000000605800000, 0x0000000605800000, 0x0000000605c00000|  0%| F|  |TAMS 0x0000000605800000, 0x0000000605800000| Untracked 
|  23|0x0000000605c00000, 0x0000000605c00000, 0x0000000606000000|  0%| F|  |TAMS 0x0000000605c00000, 0x0000000605c00000| Untracked 
|  24|0x0000000606000000, 0x00000006062b7340, 0x0000000606400000| 67%| E|  |TAMS 0x0000000606000000, 0x0000000606000000| Complete 
|  46|0x000000060b800000, 0x000000060bc00000, 0x000000060bc00000|100%| E|CS|TAMS 0x000000060b800000, 0x000000060b800000| Complete 
|  47|0x000000060bc00000, 0x000000060c000000, 0x000000060c000000|100%| E|CS|TAMS 0x000000060bc00000, 0x000000060bc00000| Complete 
| 127|0x000000061fc00000, 0x0000000620000000, 0x0000000620000000|100%| E|CS|TAMS 0x000000061fc00000, 0x000000061fc00000| Complete 
|2046|0x00000007ff800000, 0x00000007ffb76000, 0x00000007ffc00000| 86%|OA|  |TAMS 0x00000007ffb76000, 0x00000007ff800000| Untracked 
|2047|0x00000007ffc00000, 0x00000007ffc7f000, 0x0000000800000000| 12%|CA|  |TAMS 0x00000007ffc7f000, 0x00000007ffc00000| Untracked 

Card table byte_map: [0x000000011c328000,0x000000011d328000] _byte_map_base: 0x0000000119328000

Marking Bits (Prev, Next): (CMBitMap*) 0x00007fdcb500e210, (CMBitMap*) 0x00007fdcb500e250
 Prev Bits: [0x000000011e328000, 0x0000000126328000)
 Next Bits: [0x0000000126328000, 0x000000012e328000)

Polling page: 0x000000010f0f0000

Metaspace:

Usage:
  Non-class:     59.42 MB used.
      Class:      9.82 MB used.
       Both:     69.24 MB used.

Virtual space:
  Non-class space:       64.00 MB reserved,      59.75 MB ( 93%) committed,  1 nodes.
      Class space:        1.00 GB reserved,      10.06 MB ( <1%) committed,  1 nodes.
             Both:        1.06 GB reserved,      69.81 MB (  6%) committed. 

Chunk freelists:
   Non-Class:  3.83 MB
       Class:  5.88 MB
        Both:  9.70 MB

MaxMetaspaceSize: unlimited
CompressedClassSpaceSize: 1.00 GB
Initial GC threshold: 21.00 MB
Current GC threshold: 116.06 MB
CDS: on
MetaspaceReclaimPolicy: balanced
 - commit_granule_bytes: 65536.
 - commit_granule_words: 8192.
 - virtual_space_node_default_size: 8388608.
 - enlarge_chunks_in_place: 1.
 - new_chunks_are_fully_committed: 0.
 - uncommit_free_chunks: 1.
 - use_allocation_guard: 0.
 - handle_deallocations: 1.


Internal statistics:

num_allocs_failed_limit: 9.
num_arena_births: 816.
num_arena_deaths: 0.
num_vsnodes_births: 2.
num_vsnodes_deaths: 0.
num_space_committed: 1117.
num_space_uncommitted: 0.
num_chunks_returned_to_freelist: 9.
num_chunks_taken_from_freelist: 3337.
num_chunk_merges: 9.
num_chunk_splits: 2489.
num_chunks_enlarged: 1989.
num_inconsistent_stats: 0.

CodeCache: size=49152Kb used=12561Kb max_used=13091Kb free=36591Kb
 bounds [0x0000000119328000, 0x0000000119ff8000, 0x000000011c328000]
 total_blobs=7112 nmethods=6439 adapters=601
 compilation: enabled
              stopped_count=0, restarted_count=0
 full_count=0

Compilation events (20 events):
Event: 199.554 Thread 0x00007fdcb780ae00 6431   !   1       java.util.concurrent.ScheduledThreadPoolExecutor$DelayedWorkQueue::take (203 bytes)
Event: 199.556 Thread 0x00007fdcb780ae00 nmethod 6431 0x00000001194dba90 code [0x00000001194dbda0, 0x00000001194dc900]
Event: 199.556 Thread 0x00007fdcb780ae00 6430       1       java.util.concurrent.ScheduledThreadPoolExecutor$DelayedWorkQueue::take (5 bytes)
Event: 199.556 Thread 0x00007fdcb780ae00 nmethod 6430 0x00000001194db790 code [0x00000001194db920, 0x00000001194dba00]
Event: 201.555 Thread 0x00007fdcb780ae00 6432       1       java.util.concurrent.locks.AbstractQueuedSynchronizer$ConditionObject::unlinkCancelledWaiters (91 bytes)
Event: 201.555 Thread 0x00007fdcb780ae00 nmethod 6432 0x00000001194db190 code [0x00000001194db340, 0x00000001194db610]
Event: 204.551 Thread 0x00007fdcb780ae00 6433       1       java.util.concurrent.ScheduledThreadPoolExecutor$DelayedWorkQueue::finishPoll (43 bytes)
Event: 204.551 Thread 0x00007fdcb780ae00 nmethod 6433 0x00000001194dac10 code [0x00000001194dadc0, 0x00000001194db000]
Event: 204.551 Thread 0x00007fdcb780ae00 6434       1       java.util.concurrent.ScheduledThreadPoolExecutor$ScheduledFutureTask::run (57 bytes)
Event: 204.551 Thread 0x00007fdcb780ae00 nmethod 6434 0x00000001194da690 code [0x00000001194da880, 0x00000001194daad0]
Event: 204.551 Thread 0x00007fdcb780ae00 6435       1       java.util.concurrent.ScheduledThreadPoolExecutor$ScheduledFutureTask::isPeriodic (15 bytes)
Event: 204.551 Thread 0x00007fdcb780ae00 nmethod 6435 0x00000001194da390 code [0x00000001194da520, 0x00000001194da610]
Event: 204.551 Thread 0x00007fdcb780ae00 6436   !   1       java.util.concurrent.FutureTask::runAndReset (125 bytes)
Event: 204.553 Thread 0x00007fdcb780ae00 nmethod 6436 0x00000001194d9090 code [0x00000001194d9320, 0x00000001194d9d10]
Event: 204.553 Thread 0x00007fdcb780ae00 6437       1       java.util.concurrent.Executors$RunnableAdapter::call (14 bytes)
Event: 204.553 Thread 0x00007fdcb780ae00 nmethod 6437 0x00000001194d8d10 code [0x00000001194d8ec0, 0x00000001194d8fc0]
Event: 204.553 Thread 0x00007fdcb780ae00 6438       1       java.util.concurrent.ScheduledThreadPoolExecutor$ScheduledFutureTask::setNextRunTime (38 bytes)
Event: 204.553 Thread 0x00007fdcb780ae00 nmethod 6438 0x00000001194d8890 code [0x00000001194d8a40, 0x00000001194d8c40]
Event: 204.553 Thread 0x00007fdcb780ae00 6439       1       java.util.concurrent.ScheduledThreadPoolExecutor::reExecutePeriodic (49 bytes)
Event: 204.554 Thread 0x00007fdcb780ae00 nmethod 6439 0x00000001194d8290 code [0x00000001194d8480, 0x00000001194d8700]

GC Heap History (20 events):
Event: 4.257 GC heap before
{Heap before GC invocations=8 (full 0):
 garbage-first heap   total 311296K, used 121718K [0x0000000600000000, 0x0000000800000000)
  region size 4096K, 27 young (110592K), 1 survivors (4096K)
 Metaspace       used 35508K, committed 35968K, reserved 1114112K
  class space    used 4751K, committed 4992K, reserved 1048576K
}
Event: 4.264 GC heap after
{Heap after GC invocations=9 (full 0):
 garbage-first heap   total 311296K, used 23450K [0x0000000600000000, 0x0000000800000000)
  region size 4096K, 2 young (8192K), 2 survivors (8192K)
 Metaspace       used 35508K, committed 35968K, reserved 1114112K
  class space    used 4751K, committed 4992K, reserved 1048576K
}
Event: 4.940 GC heap before
{Heap before GC invocations=10 (full 0):
 garbage-first heap   total 122880K, used 88986K [0x0000000600000000, 0x0000000800000000)
  region size 4096K, 18 young (73728K), 2 survivors (8192K)
 Metaspace       used 41428K, committed 41920K, reserved 1114112K
  class space    used 5605K, committed 5824K, reserved 1048576K
}
Event: 4.947 GC heap after
{Heap after GC invocations=11 (full 0):
 garbage-first heap   total 122880K, used 24840K [0x0000000600000000, 0x0000000800000000)
  region size 4096K, 2 young (8192K), 2 survivors (8192K)
 Metaspace       used 41428K, committed 41920K, reserved 1114112K
  class space    used 5605K, committed 5824K, reserved 1048576K
}
Event: 4.988 GC heap before
{Heap before GC invocations=11 (full 0):
 garbage-first heap   total 122880K, used 28936K [0x0000000600000000, 0x0000000800000000)
  region size 4096K, 3 young (12288K), 2 survivors (8192K)
 Metaspace       used 41824K, committed 42304K, reserved 1114112K
  class space    used 5663K, committed 5888K, reserved 1048576K
}
Event: 4.996 GC heap after
{Heap after GC invocations=12 (full 0):
 garbage-first heap   total 122880K, used 25006K [0x0000000600000000, 0x0000000800000000)
  region size 4096K, 1 young (4096K), 1 survivors (4096K)
 Metaspace       used 41824K, committed 42304K, reserved 1114112K
  class space    used 5663K, committed 5888K, reserved 1048576K
}
Event: 5.546 GC heap before
{Heap before GC invocations=12 (full 0):
 garbage-first heap   total 122880K, used 90542K [0x0000000600000000, 0x0000000800000000)
  region size 4096K, 17 young (69632K), 1 survivors (4096K)
 Metaspace       used 47651K, committed 48064K, reserved 1114112K
  class space    used 6543K, committed 6720K, reserved 1048576K
}
Event: 5.549 GC heap after
{Heap after GC invocations=13 (full 0):
 garbage-first heap   total 122880K, used 26126K [0x0000000600000000, 0x0000000800000000)
  region size 4096K, 1 young (4096K), 1 survivors (4096K)
 Metaspace       used 47651K, committed 48064K, reserved 1114112K
  class space    used 6543K, committed 6720K, reserved 1048576K
}
Event: 6.179 GC heap before
{Heap before GC invocations=13 (full 0):
 garbage-first heap   total 122880K, used 95758K [0x0000000600000000, 0x0000000800000000)
  region size 4096K, 18 young (73728K), 1 survivors (4096K)
 Metaspace       used 54869K, committed 55424K, reserved 1114112K
  class space    used 7761K, committed 8064K, reserved 1048576K
}
Event: 6.184 GC heap after
{Heap after GC invocations=14 (full 0):
 garbage-first heap   total 122880K, used 28048K [0x0000000600000000, 0x0000000800000000)
  region size 4096K, 2 young (8192K), 2 survivors (8192K)
 Metaspace       used 54869K, committed 55424K, reserved 1114112K
  class space    used 7761K, committed 8064K, reserved 1048576K
}
Event: 6.683 GC heap before
{Heap before GC invocations=14 (full 0):
 garbage-first heap   total 122880K, used 77200K [0x0000000600000000, 0x0000000800000000)
  region size 4096K, 15 young (61440K), 2 survivors (8192K)
 Metaspace       used 59755K, committed 60288K, reserved 1114112K
  class space    used 8392K, committed 8640K, reserved 1048576K
}
Event: 6.689 GC heap after
{Heap after GC invocations=15 (full 0):
 garbage-first heap   total 122880K, used 28721K [0x0000000600000000, 0x0000000800000000)
  region size 4096K, 2 young (8192K), 2 survivors (8192K)
 Metaspace       used 59755K, committed 60288K, reserved 1114112K
  class space    used 8392K, committed 8640K, reserved 1048576K
}
Event: 7.428 GC heap before
{Heap before GC invocations=16 (full 0):
 garbage-first heap   total 122880K, used 94257K [0x0000000600000000, 0x0000000800000000)
  region size 4096K, 18 young (73728K), 2 survivors (8192K)
 Metaspace       used 64176K, committed 64704K, reserved 1114112K
  class space    used 9075K, committed 9344K, reserved 1048576K
}
Event: 7.435 GC heap after
{Heap after GC invocations=17 (full 0):
 garbage-first heap   total 122880K, used 31985K [0x0000000600000000, 0x0000000800000000)
  region size 4096K, 3 young (12288K), 3 survivors (12288K)
 Metaspace       used 64176K, committed 64704K, reserved 1114112K
  class space    used 9075K, committed 9344K, reserved 1048576K
}
Event: 17.102 GC heap before
{Heap before GC invocations=17 (full 0):
 garbage-first heap   total 122880K, used 85233K [0x0000000600000000, 0x0000000800000000)
  region size 4096K, 17 young (69632K), 3 survivors (12288K)
 Metaspace       used 69260K, committed 69824K, reserved 1114112K
  class space    used 9829K, committed 10112K, reserved 1048576K
}
Event: 17.115 GC heap after
{Heap after GC invocations=18 (full 0):
 garbage-first heap   total 122880K, used 33840K [0x0000000600000000, 0x0000000800000000)
  region size 4096K, 3 young (12288K), 3 survivors (12288K)
 Metaspace       used 69260K, committed 69824K, reserved 1114112K
  class space    used 9829K, committed 10112K, reserved 1048576K
}
Event: 190.237 GC heap before
{Heap before GC invocations=18 (full 0):
 garbage-first heap   total 122880K, used 50224K [0x0000000600000000, 0x0000000800000000)
  region size 4096K, 8 young (32768K), 3 survivors (12288K)
 Metaspace       used 70633K, committed 71296K, reserved 1114112K
  class space    used 10027K, committed 10304K, reserved 1048576K
}
Event: 190.350 GC heap after
{Heap after GC invocations=19 (full 1):
 garbage-first heap   total 122880K, used 28979K [0x0000000600000000, 0x0000000800000000)
  region size 4096K, 0 young (0K), 0 survivors (0K)
 Metaspace       used 70633K, committed 71296K, reserved 1114112K
  class space    used 10027K, committed 10304K, reserved 1048576K
}
Event: 191.257 GC heap before
{Heap before GC invocations=19 (full 1):
 garbage-first heap   total 122880K, used 86323K [0x0000000600000000, 0x0000000800000000)
  region size 4096K, 15 young (61440K), 0 survivors (0K)
 Metaspace       used 70887K, committed 71488K, reserved 1114112K
  class space    used 10055K, committed 10304K, reserved 1048576K
}
Event: 191.262 GC heap after
{Heap after GC invocations=20 (full 1):
 garbage-first heap   total 122880K, used 34765K [0x0000000600000000, 0x0000000800000000)
  region size 4096K, 2 young (8192K), 2 survivors (8192K)
 Metaspace       used 70887K, committed 71488K, reserved 1114112K
  class space    used 10055K, committed 10304K, reserved 1048576K
}

Dll operation events (20 events):
Event: 3.499 Loading shared library /System/Library/Java/Extensions/libtcnative-1.dylib failed, dlopen(/System/Library/Java/Extensions/libtcnative-1.dylib, 0x0001): tried: '/System/Library/Java/Extensions/libtcnative-1.dylib' (no such file), '/System/Volumes/Preboot/C
Event: 3.500 Loading shared library /System/Library/Java/Extensions/libtcnative-1.jnilib failed, dlopen(/System/Library/Java/Extensions/libtcnative-1.jnilib, 0x0001): tried: '/System/Library/Java/Extensions/libtcnative-1.jnilib' (no such file), '/System/Volumes/Preboo
Event: 3.500 Loading shared library /usr/lib/java/libtcnative-1.dylib failed, dlopen(/usr/lib/java/libtcnative-1.dylib, 0x0001): tried: '/usr/lib/java/libtcnative-1.dylib' (no such file), '/System/Volumes/Preboot/Cryptexes/OS/usr/lib/java/libtcnative-1.dylib' (no such
Event: 3.500 Loading shared library /usr/lib/java/libtcnative-1.jnilib failed, dlopen(/usr/lib/java/libtcnative-1.jnilib, 0x0001): tried: '/usr/lib/java/libtcnative-1.jnilib' (no such file), '/System/Volumes/Preboot/Cryptexes/OS/usr/lib/java/libtcnative-1.jnilib' (no 
Event: 3.500 Loading shared library /Users/hamir01/Downloads/cards/libtcnative-1.dylib failed, dlopen(/Users/hamir01/Downloads/cards/libtcnative-1.dylib, 0x0001): tried: '/Users/hamir01/Downloads/cards/libtcnative-1.dylib' (no such file), '/System/Volumes/Preboot/Cryp
Event: 3.501 Loading shared library /Users/hamir01/Downloads/cards/libtcnative-1.jnilib failed, dlopen(/Users/hamir01/Downloads/cards/libtcnative-1.jnilib, 0x0001): tried: '/Users/hamir01/Downloads/cards/libtcnative-1.jnilib' (no such file), '/System/Volumes/Preboot/C
Event: 3.502 Loading shared library /Users/hamir01/Library/Java/JavaVirtualMachines/corretto-17.0.7/Contents/Home/lib/liblibtcnative-1.dylib failed, dlopen(/Users/hamir01/Library/Java/JavaVirtualMachines/corretto-17.0.7/Contents/Home/lib/liblibtcnative-1.dylib, 0x0001
Event: 3.503 Loading shared library /Users/hamir01/Library/Java/JavaVirtualMachines/corretto-17.0.7/Contents/Home/lib/liblibtcnative-1.jnilib failed, dlopen(/Users/hamir01/Library/Java/JavaVirtualMachines/corretto-17.0.7/Contents/Home/lib/liblibtcnative-1.jnilib, 0x00
Event: 3.503 Loading shared library /Users/hamir01/Library/Java/Extensions/liblibtcnative-1.dylib failed, dlopen(/Users/hamir01/Library/Java/Extensions/liblibtcnative-1.dylib, 0x0001): tried: '/Users/hamir01/Library/Java/Extensions/liblibtcnative-1.dylib' (no such fil
Event: 3.503 Loading shared library /Users/hamir01/Library/Java/Extensions/liblibtcnative-1.jnilib failed, dlopen(/Users/hamir01/Library/Java/Extensions/liblibtcnative-1.jnilib, 0x0001): tried: '/Users/hamir01/Library/Java/Extensions/liblibtcnative-1.jnilib' (no such 
Event: 3.503 Loading shared library /Library/Java/Extensions/liblibtcnative-1.dylib failed, dlopen(/Library/Java/Extensions/liblibtcnative-1.dylib, 0x0001): tried: '/Library/Java/Extensions/liblibtcnative-1.dylib' (no such file), '/System/Volumes/Preboot/Cryptexes/OS/
Event: 3.503 Loading shared library /Library/Java/Extensions/liblibtcnative-1.jnilib failed, dlopen(/Library/Java/Extensions/liblibtcnative-1.jnilib, 0x0001): tried: '/Library/Java/Extensions/liblibtcnative-1.jnilib' (no such file), '/System/Volumes/Preboot/Cryptexes/
Event: 3.503 Loading shared library /Network/Library/Java/Extensions/liblibtcnative-1.dylib failed, dlopen(/Network/Library/Java/Extensions/liblibtcnative-1.dylib, 0x0001): tried: '/Network/Library/Java/Extensions/liblibtcnative-1.dylib' (no such file), '/System/Volum
Event: 3.503 Loading shared library /Network/Library/Java/Extensions/liblibtcnative-1.jnilib failed, dlopen(/Network/Library/Java/Extensions/liblibtcnative-1.jnilib, 0x0001): tried: '/Network/Library/Java/Extensions/liblibtcnative-1.jnilib' (no such file), '/System/Vo
Event: 3.503 Loading shared library /System/Library/Java/Extensions/liblibtcnative-1.dylib failed, dlopen(/System/Library/Java/Extensions/liblibtcnative-1.dylib, 0x0001): tried: '/System/Library/Java/Extensions/liblibtcnative-1.dylib' (no such file), '/System/Volumes/
Event: 3.504 Loading shared library /System/Library/Java/Extensions/liblibtcnative-1.jnilib failed, dlopen(/System/Library/Java/Extensions/liblibtcnative-1.jnilib, 0x0001): tried: '/System/Library/Java/Extensions/liblibtcnative-1.jnilib' (no such file), '/System/Volum
Event: 3.504 Loading shared library /usr/lib/java/liblibtcnative-1.dylib failed, dlopen(/usr/lib/java/liblibtcnative-1.dylib, 0x0001): tried: '/usr/lib/java/liblibtcnative-1.dylib' (no such file), '/System/Volumes/Preboot/Cryptexes/OS/usr/lib/java/liblibtcnative-1.dyl
Event: 3.504 Loading shared library /usr/lib/java/liblibtcnative-1.jnilib failed, dlopen(/usr/lib/java/liblibtcnative-1.jnilib, 0x0001): tried: '/usr/lib/java/liblibtcnative-1.jnilib' (no such file), '/System/Volumes/Preboot/Cryptexes/OS/usr/lib/java/liblibtcnative-1.
Event: 3.504 Loading shared library /Users/hamir01/Downloads/cards/liblibtcnative-1.dylib failed, dlopen(/Users/hamir01/Downloads/cards/liblibtcnative-1.dylib, 0x0001): tried: '/Users/hamir01/Downloads/cards/liblibtcnative-1.dylib' (no such file), '/System/Volumes/Pre
Event: 3.504 Loading shared library /Users/hamir01/Downloads/cards/liblibtcnative-1.jnilib failed, dlopen(/Users/hamir01/Downloads/cards/liblibtcnative-1.jnilib, 0x0001): tried: '/Users/hamir01/Downloads/cards/liblibtcnative-1.jnilib' (no such file), '/System/Volumes/

Deoptimization events (20 events):
Event: 191.524 Thread 0x00007fdcb5868400 DEOPT PACKING pc=0x0000000119a07f84 sp=0x0000700005f80420
Event: 191.524 Thread 0x00007fdcb5868400 DEOPT UNPACKING pc=0x000000011937ee2f sp=0x0000700005f7f9b8 mode 1
Event: 191.524 Thread 0x00007fdcb5868400 DEOPT PACKING pc=0x0000000119a07f84 sp=0x0000700005f80430
Event: 191.524 Thread 0x00007fdcb5868400 DEOPT UNPACKING pc=0x000000011937ee2f sp=0x0000700005f7f9b0 mode 1
Event: 191.524 Thread 0x00007fdcb5868400 DEOPT PACKING pc=0x0000000119eb09e4 sp=0x0000700005f80550
Event: 191.524 Thread 0x00007fdcb5868400 DEOPT UNPACKING pc=0x000000011937ee2f sp=0x0000700005f7fa40 mode 1
Event: 191.524 Thread 0x00007fdcb5868400 DEOPT PACKING pc=0x0000000119a07f84 sp=0x0000700005f80420
Event: 191.524 Thread 0x00007fdcb5868400 DEOPT UNPACKING pc=0x000000011937ee2f sp=0x0000700005f7f9b8 mode 1
Event: 191.525 Thread 0x00007fdcb5868400 DEOPT PACKING pc=0x0000000119a07f84 sp=0x0000700005f80920
Event: 191.525 Thread 0x00007fdcb5868400 DEOPT UNPACKING pc=0x000000011937ee2f sp=0x0000700005f7fea0 mode 1
Event: 191.525 Thread 0x00007fdcb5868400 DEOPT PACKING pc=0x0000000119c97c34 sp=0x0000700005f80a40
Event: 191.525 Thread 0x00007fdcb5868400 DEOPT UNPACKING pc=0x000000011937ee2f sp=0x0000700005f7ff20 mode 1
Event: 191.540 Thread 0x00007fdcb5868400 DEOPT PACKING pc=0x0000000119f12ac4 sp=0x0000700005f807a0
Event: 191.540 Thread 0x00007fdcb5868400 DEOPT UNPACKING pc=0x000000011937ee2f sp=0x0000700005f7fda0 mode 1
Event: 191.557 Thread 0x00007fdcb5868400 DEOPT PACKING pc=0x0000000119ef8f0c sp=0x0000700005f80bc0
Event: 191.557 Thread 0x00007fdcb5868400 DEOPT UNPACKING pc=0x000000011937ee2f sp=0x0000700005f80148 mode 1
Event: 191.557 Thread 0x00007fdcb5868400 DEOPT PACKING pc=0x0000000119ef8f0c sp=0x0000700005f80b50
Event: 191.557 Thread 0x00007fdcb5868400 DEOPT UNPACKING pc=0x000000011937ee2f sp=0x0000700005f800d8 mode 1
Event: 191.557 Thread 0x00007fdcb5868400 DEOPT PACKING pc=0x0000000119ef8f0c sp=0x0000700005f80ae0
Event: 191.557 Thread 0x00007fdcb5868400 DEOPT UNPACKING pc=0x000000011937ee2f sp=0x0000700005f80068 mode 1

Classes unloaded (0 events):
No events

Classes redefined (2 events):
Event: 188.506 Thread 0x00007fdcb2f04630 redefined class name=com.eazybytes.cards.controller.CardsController, count=1
Event: 206.149 Thread 0x00007fdcb2f04630 redefined class name=com.eazybytes.cards.controller.CardsController, count=2

Internal exceptions (20 events):
Event: 7.623 Thread 0x00007fdcb3061400 Exception <a 'java/lang/NoSuchMethodError'{0x000000060bb04438}: 'java.lang.Object java.lang.invoke.DirectMethodHandle$Holder.invokeSpecial(java.lang.Object, java.lang.Object, java.lang.Object, int, java.lang.Object, int)'> (0x000000060bb04438) 
thrown [src/hotspot/share/interpreter/linkResolver.cpp, line 759]
Event: 16.707 Thread 0x00007fdcc0155800 Exception <a 'java/lang/NoSuchMethodError'{0x000000060582a788}: 'java.lang.Object java.lang.invoke.DirectMethodHandle$Holder.invokeSpecial(java.lang.Object, java.lang.Object, java.lang.Object, java.lang.Object, java.lang.Object, long)'> (0x000000060582a788) 
thrown [src/hotspot/share/interpreter/linkResolver.cpp, line 759]
Event: 16.707 Thread 0x00007fdcc0155800 Exception <a 'java/lang/NoSuchMethodError'{0x000000060582e1c8}: 'java.lang.Object java.lang.invoke.Invokers$Holder.linkToTargetMethod(java.lang.Object, java.lang.Object, java.lang.Object, long, java.lang.Object)'> (0x000000060582e1c8) 
thrown [src/hotspot/share/interpreter/linkResolver.cpp, line 759]
Event: 16.983 Thread 0x00007fdcc0155800 Exception <a 'java/lang/NoSuchMethodError'{0x0000000604210618}: 'void java.lang.invoke.DirectMethodHandle$Holder.invokeSpecialIFC(java.lang.Object, java.lang.Object, int, java.lang.Object, java.lang.Object, java.lang.Object, java.lang.Object)'> (0x0000000604210618) 
thrown [src/hotspot/share/interpreter/linkResolver.cpp, line 759]
Event: 17.082 Thread 0x00007fdcc0155800 Exception <a 'java/lang/NoSuchMethodError'{0x0000000603a88b00}: 'void java.lang.invoke.Invokers$Holder.invoke_MT(java.lang.Object, java.lang.Object, java.lang.Object, java.lang.Object)'> (0x0000000603a88b00) 
thrown [src/hotspot/share/interpreter/linkResolver.cpp, line 759]
Event: 17.124 Thread 0x00007fdcc0155800 Exception <a 'java/lang/NoSuchMethodError'{0x000000061fc69338}: 'int java.lang.invoke.DirectMethodHandle$Holder.invokeStatic(java.lang.Object, java.lang.Object, int, int)'> (0x000000061fc69338) 
thrown [src/hotspot/share/interpreter/linkResolver.cpp, line 759]
Event: 22.192 Thread 0x00007fdcc011c000 Exception <a 'java/lang/NoSuchMethodError'{0x000000060bb2ec40}: 'void java.lang.invoke.DirectMethodHandle$Holder.invokeStaticInit(java.lang.Object, java.lang.Object, java.lang.Object, java.lang.Object)'> (0x000000060bb2ec40) 
thrown [src/hotspot/share/interpreter/linkResolver.cpp, line 759]
Event: 22.199 Thread 0x00007fdcc011c000 Exception <a 'java/lang/reflect/InvocationTargetException'{0x000000060bb55d08}> (0x000000060bb55d08) 
thrown [src/hotspot/share/runtime/reflection.cpp, line 1121]
Event: 190.234 Thread 0x00007fdcb4846e00 Exception <a 'java/lang/InterruptedException'{0x0000000605f77828}: sleep interrupted> (0x0000000605f77828) 
thrown [src/hotspot/share/prims/jvm.cpp, line 3070]
Event: 190.366 Thread 0x00007fdcb5868400 Exception <a 'sun/nio/fs/UnixException'{0x000000061fc94a30}> (0x000000061fc94a30) 
thrown [src/hotspot/share/prims/jni.cpp, line 516]
Event: 190.864 Thread 0x00007fdcb5868400 Exception <a 'java/lang/NoClassDefFoundError'{0x00000006052b9340}: org/flywaydb/core/Flyway> (0x00000006052b9340) 
thrown [src/hotspot/share/oops/constantPool.cpp, line 835]
Event: 190.866 Thread 0x00007fdcb5868400 Exception <a 'java/lang/NoClassDefFoundError'{0x00000006052b9990}: liquibase/integration/spring/SpringLiquibase> (0x00000006052b9990) 
thrown [src/hotspot/share/oops/constantPool.cpp, line 835]
Event: 190.874 Thread 0x00007fdcb5868400 Exception <a 'java/lang/NoClassDefFoundError'{0x0000000605328068}: org/jooq/DSLContext> (0x0000000605328068) 
thrown [src/hotspot/share/oops/constantPool.cpp, line 835]
Event: 190.876 Thread 0x00007fdcb5868400 Exception <a 'java/lang/NoClassDefFoundError'{0x0000000605334b70}: org/springframework/batch/core/repository/JobRepository> (0x0000000605334b70) 
thrown [src/hotspot/share/oops/constantPool.cpp, line 835]
Event: 190.878 Thread 0x00007fdcb5868400 Exception <a 'java/lang/NoClassDefFoundError'{0x00000006053351b8}: org/quartz/Scheduler> (0x00000006053351b8) 
thrown [src/hotspot/share/oops/constantPool.cpp, line 835]
Event: 190.879 Thread 0x00007fdcb5868400 Exception <a 'java/lang/NoClassDefFoundError'{0x0000000605335828}: org/springframework/session/jdbc/JdbcIndexedSessionRepository> (0x0000000605335828) 
thrown [src/hotspot/share/oops/constantPool.cpp, line 835]
Event: 190.936 Thread 0x00007fdcb5868400 Exception <a 'java/io/FileNotFoundException'{0x000000060495c980}> (0x000000060495c980) 
thrown [src/hotspot/share/prims/jni.cpp, line 516]
Event: 190.969 Thread 0x00007fdcb5868400 Exception <a 'java/io/FileNotFoundException'{0x0000000604573f28}> (0x0000000604573f28) 
thrown [src/hotspot/share/prims/jni.cpp, line 516]
Event: 191.145 Thread 0x00007fdcb5868400 Exception <a 'java/lang/reflect/InvocationTargetException'{0x00000006039f9988}> (0x00000006039f9988) 
thrown [src/hotspot/share/runtime/reflection.cpp, line 1121]
Event: 191.148 Thread 0x00007fdcb5868400 Exception <a 'java/lang/reflect/InvocationTargetException'{0x0000000603a0aaa8}> (0x0000000603a0aaa8) 
thrown [src/hotspot/share/runtime/reflection.cpp, line 1121]

VM Operations (20 events):
Event: 184.447 Executing VM operation: Cleanup done
Event: 188.497 Executing VM operation: RedefineClasses
Event: 188.527 Executing VM operation: RedefineClasses done
Event: 190.235 Executing VM operation: G1CollectFull
Event: 190.351 Executing VM operation: G1CollectFull done
Event: 190.859 Executing VM operation: HandshakeAllThreads
Event: 190.859 Executing VM operation: HandshakeAllThreads done
Event: 190.899 Executing VM operation: ICBufferFull
Event: 190.899 Executing VM operation: ICBufferFull done
Event: 191.255 Executing VM operation: G1CollectForAllocation
Event: 191.262 Executing VM operation: G1CollectForAllocation done
Event: 192.267 Executing VM operation: Cleanup
Event: 192.277 Executing VM operation: Cleanup done
Event: 199.291 Executing VM operation: Cleanup
Event: 199.291 Executing VM operation: Cleanup done
Event: 200.292 Executing VM operation: Cleanup
Event: 200.292 Executing VM operation: Cleanup done
Event: 201.296 Executing VM operation: Cleanup
Event: 201.296 Executing VM operation: Cleanup done
Event: 206.139 Executing VM operation: RedefineClasses

Events (20 events):
Event: 191.549 Thread 0x00007fdcb4132800 Thread added: 0x00007fdcb4132800
Event: 191.549 Protecting memory [0x00007000072be000,0x00007000072c2000] with protection modes 0
Event: 191.549 Thread 0x00007fdcc1127600 Thread added: 0x00007fdcc1127600
Event: 191.549 Protecting memory [0x00007000073c1000,0x00007000073c5000] with protection modes 0
Event: 191.549 Thread 0x00007fdcb5818000 Thread added: 0x00007fdcb5818000
Event: 191.549 Protecting memory [0x00007000074c4000,0x00007000074c8000] with protection modes 0
Event: 191.549 Thread 0x00007fdcb5818600 Thread added: 0x00007fdcb5818600
Event: 191.549 Protecting memory [0x00007000075c7000,0x00007000075cb000] with protection modes 0
Event: 191.550 Thread 0x00007fdc830dd200 Thread added: 0x00007fdc830dd200
Event: 191.550 Protecting memory [0x00007000076ca000,0x00007000076ce000] with protection modes 0
Event: 191.550 Thread 0x00007fdcb613fa00 Thread added: 0x00007fdcb613fa00
Event: 191.550 Protecting memory [0x00007000077cd000,0x00007000077d1000] with protection modes 0
Event: 191.582 Protecting memory [0x0000700004b49000,0x0000700004b4d000] with protection modes 3
Event: 191.582 Thread 0x00007fdcb4131800 Thread exited: 0x00007fdcb4131800
Event: 191.599 Protecting memory [0x0000700005e82000,0x0000700005e86000] with protection modes 3
Event: 191.599 Thread 0x00007fdcb5868400 Thread exited: 0x00007fdcb5868400
Event: 196.166 Protecting memory [0x00007000069a3000,0x00007000069a7000] with protection modes 3
Event: 196.166 Thread 0x00007fdcc00bcc00 Thread exited: 0x00007fdcc00bcc00
Event: 196.553 Protecting memory [0x0000700005f85000,0x0000700005f89000] with protection modes 3
Event: 196.553 Thread 0x00007fdcb40ec200 Thread exited: 0x00007fdcb40ec200


Dynamic libraries:
0x000000010f06b000 	/Users/hamir01/Library/Java/JavaVirtualMachines/corretto-17.0.7/Contents/Home/lib/libjli.dylib
0x00007ff821ebb000 	/usr/lib/libz.1.dylib
0x00007ff821f9d000 	/usr/lib/libSystem.B.dylib
0x00007ff821f97000 	/usr/lib/system/libcache.dylib
0x00007ff821f53000 	/usr/lib/system/libcommonCrypto.dylib
0x00007ff821f7b000 	/usr/lib/system/libcompiler_rt.dylib
0x00007ff821f70000 	/usr/lib/system/libcopyfile.dylib
0x00007ff814a6b000 	/usr/lib/system/libcorecrypto.dylib
0x00007ff814b62000 	/usr/lib/system/libdispatch.dylib
0x00007ff814d0c000 	/usr/lib/system/libdyld.dylib
0x00007ff821f8d000 	/usr/lib/system/libkeymgr.dylib
0x00007ff821f34000 	/usr/lib/system/libmacho.dylib
0x00007ff821269000 	/usr/lib/system/libquarantine.dylib
0x00007ff821f8b000 	/usr/lib/system/libremovefile.dylib
0x00007ff81a3a2000 	/usr/lib/system/libsystem_asl.dylib
0x00007ff814a05000 	/usr/lib/system/libsystem_blocks.dylib
0x00007ff814bac000 	/usr/lib/system/libsystem_c.dylib
0x00007ff821f83000 	/usr/lib/system/libsystem_collections.dylib
0x00007ff82026a000 	/usr/lib/system/libsystem_configuration.dylib
0x00007ff81f296000 	/usr/lib/system/libsystem_containermanager.dylib
0x00007ff821b8b000 	/usr/lib/system/libsystem_coreservices.dylib
0x00007ff817f59000 	/usr/lib/system/libsystem_darwin.dylib
0x00007ffc2df11000 	/usr/lib/system/libsystem_darwindirectory.dylib
0x00007ff821f8e000 	/usr/lib/system/libsystem_dnssd.dylib
0x00007ffc2df15000 	/usr/lib/system/libsystem_eligibility.dylib
0x00007ff814ba9000 	/usr/lib/system/libsystem_featureflags.dylib
0x00007ff814d3c000 	/usr/lib/system/libsystem_info.dylib
0x00007ff821ecf000 	/usr/lib/system/libsystem_m.dylib
0x00007ff814b22000 	/usr/lib/system/libsystem_malloc.dylib
0x00007ff81a316000 	/usr/lib/system/libsystem_networkextension.dylib
0x00007ff8183a5000 	/usr/lib/system/libsystem_notify.dylib
0x00007ff82026e000 	/usr/lib/system/libsystem_sandbox.dylib
0x00007ffc2df18000 	/usr/lib/system/libsystem_sanitizers.dylib
0x00007ff821f88000 	/usr/lib/system/libsystem_secinit.dylib
0x00007ff814cc5000 	/usr/lib/system/libsystem_kernel.dylib
0x00007ff814d31000 	/usr/lib/system/libsystem_platform.dylib
0x00007ff814d00000 	/usr/lib/system/libsystem_pthread.dylib
0x00007ff81bf42000 	/usr/lib/system/libsystem_symptoms.dylib
0x00007ff814a51000 	/usr/lib/system/libsystem_trace.dylib
0x00007ff821f5f000 	/usr/lib/system/libunwind.dylib
0x00007ff814a09000 	/usr/lib/system/libxpc.dylib
0x00007ff814caf000 	/usr/lib/libc++abi.dylib
0x00007ff814932000 	/usr/lib/libobjc.A.dylib
0x00007ff821f68000 	/usr/lib/liboah.dylib
0x00007ff814c34000 	/usr/lib/libc++.1.dylib
0x00007ff82fd87000 	/System/Library/Frameworks/Cocoa.framework/Versions/A/Cocoa
0x00007ff81840a000 	/System/Library/Frameworks/AppKit.framework/Versions/C/AppKit
0x00007ff81b699000 	/System/Library/Frameworks/CoreData.framework/Versions/A/CoreData
0x00007ff815d36000 	/System/Library/Frameworks/Foundation.framework/Versions/C/Foundation
0x00007ff819838000 	/System/Library/PrivateFrameworks/UIFoundation.framework/Versions/A/UIFoundation
0x00007ffb2313a000 	/System/Library/PrivateFrameworks/CollectionViewCore.framework/Versions/A/CollectionViewCore
0x00007ff82956e000 	/System/Library/PrivateFrameworks/RemoteViewServices.framework/Versions/A/RemoteViewServices
0x00007ff81fa72000 	/System/Library/PrivateFrameworks/XCTTargetBootstrap.framework/Versions/A/XCTTargetBootstrap
0x00007ff824988000 	/System/Library/PrivateFrameworks/InternationalSupport.framework/Versions/A/InternationalSupport
0x00007ff8249dc000 	/System/Library/PrivateFrameworks/UserActivity.framework/Versions/A/UserActivity
0x00007ffc25519000 	/System/Library/PrivateFrameworks/WindowManagement.framework/Versions/A/WindowManagement
0x00007ff8159e5000 	/System/Library/Frameworks/SystemConfiguration.framework/Versions/A/SystemConfiguration
0x00007ff823cf8000 	/usr/lib/libspindump.dylib
0x00007ff819a15000 	/System/Library/Frameworks/UniformTypeIdentifiers.framework/Versions/A/UniformTypeIdentifiers
0x00007ff81da61000 	/usr/lib/libapp_launch_measurement.dylib
0x00007ff81cbed000 	/System/Library/PrivateFrameworks/CoreAnalytics.framework/Versions/A/CoreAnalytics
0x00007ff81da64000 	/System/Library/PrivateFrameworks/CoreAutoLayout.framework/Versions/A/CoreAutoLayout
0x00007ff81f2de000 	/System/Library/Frameworks/Metal.framework/Versions/A/Metal
0x00007ff82027a000 	/usr/lib/liblangid.dylib
0x00007ff81fa77000 	/System/Library/PrivateFrameworks/CoreSVG.framework/Versions/A/CoreSVG
0x00007ff81a3d7000 	/System/Library/PrivateFrameworks/SkyLight.framework/Versions/A/SkyLight
0x00007ff81a838000 	/System/Library/Frameworks/CoreGraphics.framework/Versions/A/CoreGraphics
0x00007ff829c3a000 	/System/Library/Frameworks/Accelerate.framework/Versions/A/Accelerate
0x00007ff823b59000 	/System/Library/PrivateFrameworks/IconServices.framework/Versions/A/IconServices
0x00007ff81f2bf000 	/System/Library/Frameworks/IOSurface.framework/Versions/A/IOSurface
0x00007ff81cc19000 	/usr/lib/libDiagnosticMessagesClient.dylib
0x00007ff82d662000 	/System/Library/Frameworks/ApplicationServices.framework/Versions/A/ApplicationServices
0x00007ff81fa5f000 	/System/Library/PrivateFrameworks/DFRFoundation.framework/Versions/A/DFRFoundation
0x00007ff817cb8000 	/usr/lib/libicucore.A.dylib
0x00007ff825929000 	/System/Library/Frameworks/AudioToolbox.framework/Versions/A/AudioToolbox
0x00007ff824997000 	/System/Library/PrivateFrameworks/DataDetectorsCore.framework/Versions/A/DataDetectorsCore
0x00007ff91ea4a000 	/System/Library/PrivateFrameworks/TextInput.framework/Versions/A/TextInput
0x00007ff81a330000 	/usr/lib/libMobileGestalt.dylib
0x00007ff81f7c4000 	/System/Library/Frameworks/Carbon.framework/Versions/A/Frameworks/HIToolbox.framework/Versions/A/HIToolbox
0x00007ff81d3bd000 	/System/Library/Frameworks/QuartzCore.framework/Versions/A/QuartzCore
0x00007ff81790a000 	/System/Library/Frameworks/Security.framework/Versions/A/Security
0x00007ff8295a6000 	/System/Library/Frameworks/Carbon.framework/Versions/A/Frameworks/SpeechRecognition.framework/Versions/A/SpeechRecognition
0x00007ff81d794000 	/System/Library/PrivateFrameworks/CoreUI.framework/Versions/A/CoreUI
0x00007ff8171e5000 	/System/Library/Frameworks/CoreAudio.framework/Versions/A/CoreAudio
0x00007ff81ccf9000 	/System/Library/Frameworks/DiskArbitration.framework/Versions/A/DiskArbitration
0x00007ff82412e000 	/System/Library/PrivateFrameworks/MultitouchSupport.framework/Versions/A/MultitouchSupport
0x00007ff81a32f000 	/usr/lib/libenergytrace.dylib
0x00007ff8341c1000 	/System/Library/PrivateFrameworks/RenderBox.framework/Versions/A/RenderBox
0x00007ff8182e1000 	/System/Library/Frameworks/IOKit.framework/Versions/A/IOKit
0x00007ff829979000 	/System/Library/Frameworks/CoreServices.framework/Versions/A/CoreServices
0x00007ff81d9f9000 	/System/Library/PrivateFrameworks/PerformanceAnalysis.framework/Versions/A/PerformanceAnalysis
0x00007ffa30ff0000 	/System/Library/Frameworks/OpenGL.framework/Versions/A/OpenGL
0x00007ff81daad000 	/usr/lib/libxml2.2.dylib
0x00007ff82118e000 	/System/Library/PrivateFrameworks/MobileKeyBag.framework/Versions/A/MobileKeyBag
0x00007ff8298f5000 	/System/Library/Frameworks/Accessibility.framework/Versions/A/Accessibility
0x00007ff81aff3000 	/System/Library/Frameworks/ColorSync.framework/Versions/A/ColorSync
0x00007ff814d67000 	/System/Library/Frameworks/CoreFoundation.framework/Versions/A/CoreFoundation
0x00007ff81fde7000 	/System/Library/Frameworks/CoreImage.framework/Versions/A/CoreImage
0x00007ff816fde000 	/System/Library/Frameworks/CoreText.framework/Versions/A/CoreText
0x00007ffb194f6000 	/System/Library/Frameworks/CoreTransferable.framework/Versions/A/CoreTransferable
0x00007ffb198fb000 	/System/Library/Frameworks/DeveloperToolsSupport.framework/Versions/A/DeveloperToolsSupport
0x00007ff81fab0000 	/System/Library/Frameworks/ImageIO.framework/Versions/A/ImageIO
0x00007ffb1dafc000 	/System/Library/Frameworks/Symbols.framework/Versions/A/Symbols
0x00007ff821fa2000 	/System/Library/PrivateFrameworks/SoftLinking.framework/Versions/A/SoftLinking
0x00007ff825399000 	/usr/lib/swift/libswiftCore.dylib
0x00007ff91b62e000 	/usr/lib/swift/libswiftCoreFoundation.dylib
0x00007ff9192bb000 	/usr/lib/swift/libswiftCoreGraphics.dylib
0x00007ff91b66c000 	/usr/lib/swift/libswiftCoreImage.dylib
0x00007ff9192c2000 	/usr/lib/swift/libswiftDarwin.dylib
0x00007ff82b2dc000 	/usr/lib/swift/libswiftDispatch.dylib
0x00007ff91b66d000 	/usr/lib/swift/libswiftIOKit.dylib
0x00007ff92765e000 	/usr/lib/swift/libswiftMetal.dylib
0x00007ffa14cdd000 	/usr/lib/swift/libswiftOSLog.dylib
0x00007ff82dacd000 	/usr/lib/swift/libswiftObjectiveC.dylib
0x00007ff92bbef000 	/usr/lib/swift/libswiftQuartzCore.dylib
0x00007ff92fcda000 	/usr/lib/swift/libswiftUniformTypeIdentifiers.dylib
0x00007ff91b63e000 	/usr/lib/swift/libswiftXPC.dylib
0x00007ffc2dbe3000 	/usr/lib/swift/libswift_Concurrency.dylib
0x00007ff82dad1000 	/usr/lib/swift/libswiftos.dylib
0x00007ff91e9ac000 	/usr/lib/swift/libswiftsimd.dylib
0x00007ff82213c000 	/usr/lib/libcompression.dylib
0x00007ff8248c8000 	/System/Library/PrivateFrameworks/TextureIO.framework/Versions/A/TextureIO
0x00007ff8237fc000 	/usr/lib/libate.dylib
0x00007ff8235a4000 	/usr/lib/liblzma.5.dylib
0x00007ff821f9f000 	/usr/lib/libfakelink.dylib
0x00007ff819f66000 	/System/Library/Frameworks/CFNetwork.framework/Versions/A/CFNetwork
0x00007ff821ff1000 	/usr/lib/libarchive.2.dylib
0x00007ff8277f2000 	/System/Library/Frameworks/Combine.framework/Versions/A/Combine
0x00007ffb2314f000 	/System/Library/PrivateFrameworks/CollectionsInternal.framework/Versions/A/CollectionsInternal
0x00007ffc1887c000 	/System/Library/PrivateFrameworks/ReflectionInternal.framework/Versions/A/ReflectionInternal
0x00007ffc18df5000 	/System/Library/PrivateFrameworks/RuntimeInternal.framework/Versions/A/RuntimeInternal
0x00007ffc2dd1e000 	/usr/lib/swift/libswift_StringProcessing.dylib
0x00007ff81825f000 	/System/Library/PrivateFrameworks/CoreServicesInternal.framework/Versions/A/CoreServicesInternal
0x00007ff82128e000 	/usr/lib/libbsm.0.dylib
0x00007ff821f3a000 	/usr/lib/system/libkxld.dylib
0x00007ff81da2c000 	/System/Library/Frameworks/CoreServices.framework/Versions/A/Frameworks/FSEvents.framework/Versions/A/FSEvents
0x00007ff817f64000 	/System/Library/Frameworks/CoreServices.framework/Versions/A/Frameworks/CarbonCore.framework/Versions/A/CarbonCore
0x00007ff81cc61000 	/System/Library/Frameworks/CoreServices.framework/Versions/A/Frameworks/Metadata.framework/Versions/A/Metadata
0x00007ff821b91000 	/System/Library/Frameworks/CoreServices.framework/Versions/A/Frameworks/OSServices.framework/Versions/A/OSServices
0x00007ff82207a000 	/System/Library/Frameworks/CoreServices.framework/Versions/A/Frameworks/SearchKit.framework/Versions/A/SearchKit
0x00007ff81bec8000 	/System/Library/Frameworks/CoreServices.framework/Versions/A/Frameworks/AE.framework/Versions/A/AE
0x00007ff815202000 	/System/Library/Frameworks/CoreServices.framework/Versions/A/Frameworks/LaunchServices.framework/Versions/A/LaunchServices
0x00007ff823555000 	/System/Library/Frameworks/CoreServices.framework/Versions/A/Frameworks/DictionaryServices.framework/Versions/A/DictionaryServices
0x00007ff81da39000 	/System/Library/Frameworks/CoreServices.framework/Versions/A/Frameworks/SharedFileList.framework/Versions/A/SharedFileList
0x00007ff822105000 	/usr/lib/libapple_nghttp2.dylib
0x00007ff81bb34000 	/usr/lib/libsqlite3.dylib
0x00007ff81bf4a000 	/System/Library/Frameworks/Network.framework/Versions/A/Network
0x00007ffc2c593000 	/usr/lib/libCoreEntitlements.dylib
0x00007ffb33b7a000 	/System/Library/PrivateFrameworks/MessageSecurity.framework/Versions/A/MessageSecurity
0x00007ff81bb1b000 	/System/Library/PrivateFrameworks/ProtocolBuffer.framework/Versions/A/ProtocolBuffer
0x00007ff821aae000 	/System/Library/PrivateFrameworks/AppleFSCompression.framework/Versions/A/AppleFSCompression
0x00007ff821276000 	/usr/lib/libcoretls.dylib
0x00007ff8235c3000 	/usr/lib/libcoretls_cfhelpers.dylib
0x00007ff822136000 	/usr/lib/libpam.2.dylib
0x00007ff82363c000 	/usr/lib/libxar.1.dylib
0x00007ff823b32000 	/usr/lib/libheimdal-asn1.dylib
0x00007ff819f65000 	/usr/lib/libnetwork.dylib
0x00007ff821fa3000 	/usr/lib/libpcap.A.dylib
0x00007ff81bf38000 	/usr/lib/libdns_services.dylib
0x00007ff820275000 	/System/Library/PrivateFrameworks/AppleSystemInfo.framework/Versions/A/AppleSystemInfo
0x00007ff820f8f000 	/System/Library/PrivateFrameworks/IOMobileFramebuffer.framework/Versions/A/IOMobileFramebuffer
0x00007ffc2dc70000 	/usr/lib/swift/libswift_RegexParser.dylib
0x00007ff821b7c000 	/usr/lib/libbz2.1.0.dylib
0x00007ff82126c000 	/usr/lib/libCheckFix.dylib
0x00007ff81a3b9000 	/System/Library/PrivateFrameworks/TCC.framework/Versions/A/TCC
0x00007ff82027c000 	/System/Library/PrivateFrameworks/CoreNLP.framework/Versions/A/CoreNLP
0x00007ff81cc1b000 	/System/Library/PrivateFrameworks/MetadataUtilities.framework/Versions/A/MetadataUtilities
0x00007ff82129e000 	/usr/lib/libmecab.dylib
0x00007ff815a6c000 	/usr/lib/libCRFSuite.dylib
0x00007ff8212f7000 	/usr/lib/libgermantok.dylib
0x00007ff8220e0000 	/usr/lib/libThaiTokenizer.dylib
0x00007ff81cd01000 	/System/Library/Frameworks/Accelerate.framework/Versions/A/Frameworks/vImage.framework/Versions/A/vImage
0x00007ff82994f000 	/System/Library/Frameworks/Accelerate.framework/Versions/A/Frameworks/vecLib.framework/Versions/A/vecLib
0x00007ff82367e000 	/System/Library/Frameworks/Accelerate.framework/Versions/A/Frameworks/vecLib.framework/Versions/A/libvMisc.dylib
0x00007ff820d7e000 	/System/Library/Frameworks/Accelerate.framework/Versions/A/Frameworks/vecLib.framework/Versions/A/libvDSP.dylib
0x00007ff81560f000 	/System/Library/Frameworks/Accelerate.framework/Versions/A/Frameworks/vecLib.framework/Versions/A/libBLAS.dylib
0x00007ff82221e000 	/System/Library/Frameworks/Accelerate.framework/Versions/A/Frameworks/vecLib.framework/Versions/A/libLAPACK.dylib
0x00007ff8212fa000 	/System/Library/Frameworks/Accelerate.framework/Versions/A/Frameworks/vecLib.framework/Versions/A/libLinearAlgebra.dylib
0x00007ff822120000 	/System/Library/Frameworks/Accelerate.framework/Versions/A/Frameworks/vecLib.framework/Versions/A/libSparseBLAS.dylib
0x00007ff822218000 	/System/Library/Frameworks/Accelerate.framework/Versions/A/Frameworks/vecLib.framework/Versions/A/libQuadrature.dylib
0x00007ff820392000 	/System/Library/Frameworks/Accelerate.framework/Versions/A/Frameworks/vecLib.framework/Versions/A/libBNNS.dylib
0x00007ff81596d000 	/System/Library/Frameworks/Accelerate.framework/Versions/A/Frameworks/vecLib.framework/Versions/A/libSparse.dylib
0x00007ffb3241f000 	/System/Library/PrivateFrameworks/MIL.framework/Versions/A/MIL
0x00007ff821fd9000 	/usr/lib/libiconv.2.dylib
0x00007ff821f33000 	/usr/lib/libcharset.1.dylib
0x00007ff81da10000 	/System/Library/Frameworks/OpenDirectory.framework/Versions/A/Frameworks/CFOpenDirectory.framework/Versions/A/CFOpenDirectory
0x00007ff81da04000 	/System/Library/Frameworks/OpenDirectory.framework/Versions/A/OpenDirectory
0x00007ff8235c5000 	/System/Library/PrivateFrameworks/APFS.framework/Versions/A/APFS
0x00007ff8211b1000 	/System/Library/Frameworks/SecurityFoundation.framework/Versions/A/SecurityFoundation
0x00007ff82364a000 	/usr/lib/libutil.dylib
0x00007ffb3084d000 	/System/Library/PrivateFrameworks/InstalledContentLibrary.framework/Versions/A/InstalledContentLibrary
0x00007ff8182a1000 	/System/Library/PrivateFrameworks/CoreServicesStore.framework/Versions/A/CoreServicesStore
0x00007ffb20d69000 	/System/Library/PrivateFrameworks/AppleMobileFileIntegrity.framework/Versions/A/AppleMobileFileIntegrity
0x00007ff91b600000 	/usr/lib/libmis.dylib
0x00007ff92c0cb000 	/System/Library/PrivateFrameworks/MobileSystemServices.framework/Versions/A/MobileSystemServices
0x00007ffa29304000 	/System/Library/PrivateFrameworks/ConfigProfileHelper.framework/Versions/A/ConfigProfileHelper
0x00007ff8220e2000 	/System/Library/PrivateFrameworks/AppleSauce.framework/Versions/A/AppleSauce
0x00007ff81696d000 	/System/Library/PrivateFrameworks/LanguageModeling.framework/Versions/A/LanguageModeling
0x00007ff82364e000 	/usr/lib/libxslt.1.dylib
0x00007ff821fe0000 	/usr/lib/libcmph.dylib
0x00007ff820f5d000 	/System/Library/PrivateFrameworks/CoreEmoji.framework/Versions/A/CoreEmoji
0x00007ff82038c000 	/System/Library/PrivateFrameworks/LinguisticData.framework/Versions/A/LinguisticData
0x00007ff815884000 	/System/Library/PrivateFrameworks/Lexicon.framework/Versions/A/Lexicon
0x00007ff82123a000 	/System/Library/PrivateFrameworks/BackgroundTaskManagement.framework/Versions/A/BackgroundTaskManagement
0x00007ffc2c702000 	/usr/lib/libTLE.dylib
0x00007ff823ff2000 	/System/Library/PrivateFrameworks/AppleJPEG.framework/Versions/A/AppleJPEG
0x00007ff823b17000 	/usr/lib/libexpat.1.dylib
0x00007ff824720000 	/System/Library/Frameworks/ImageIO.framework/Versions/A/Resources/libPng.dylib
0x00007ff82474d000 	/System/Library/Frameworks/ImageIO.framework/Versions/A/Resources/libTIFF.dylib
0x00007ff824842000 	/System/Library/Frameworks/ImageIO.framework/Versions/A/Resources/libGIF.dylib
0x00007ff82403e000 	/System/Library/Frameworks/ImageIO.framework/Versions/A/Resources/libJP2.dylib
0x00007ff8247e1000 	/System/Library/Frameworks/ImageIO.framework/Versions/A/Resources/libJPEG.dylib
0x00007ff8247d8000 	/System/Library/Frameworks/ImageIO.framework/Versions/A/Resources/libRadiance.dylib
0x00007ff81f664000 	/System/Library/PrivateFrameworks/FontServices.framework/libFontParser.dylib
0x00007ff81be65000 	/System/Library/PrivateFrameworks/RunningBoardServices.framework/Versions/A/RunningBoardServices
0x00007ff830553000 	/System/Library/PrivateFrameworks/IOSurfaceAccelerator.framework/Versions/A/IOSurfaceAccelerator
0x00007ff82412c000 	/System/Library/PrivateFrameworks/WatchdogClient.framework/Versions/A/WatchdogClient
0x00007ff816b3a000 	/System/Library/Frameworks/CoreDisplay.framework/Versions/A/CoreDisplay
0x00007ff81f533000 	/System/Library/Frameworks/CoreMedia.framework/Versions/A/CoreMedia
0x00007ff81f2d5000 	/System/Library/PrivateFrameworks/IOAccelerator.framework/Versions/A/IOAccelerator
0x00007ff81db8d000 	/System/Library/Frameworks/CoreVideo.framework/Versions/A/CoreVideo
0x00007ff822134000 	/System/Library/Frameworks/MetalPerformanceShaders.framework/Versions/A/MetalPerformanceShaders
0x00007ff82416b000 	/System/Library/Frameworks/VideoToolbox.framework/Versions/A/VideoToolbox
0x00007ff81dc1a000 	/System/Library/PrivateFrameworks/UserManagement.framework/Versions/A/UserManagement
0x00007ff81bd8e000 	/System/Library/PrivateFrameworks/BaseBoard.framework/Versions/A/BaseBoard
0x00007ff820274000 	/System/Library/PrivateFrameworks/AggregateDictionary.framework/Versions/A/AggregateDictionary
0x00007ffb20b66000 	/System/Library/PrivateFrameworks/AppleKeyStore.framework/Versions/A/AppleKeyStore
0x00007ff8247d1000 	/System/Library/PrivateFrameworks/GPUWrangler.framework/Versions/A/GPUWrangler
0x00007ff8247b5000 	/System/Library/PrivateFrameworks/IOPresentment.framework/Versions/A/IOPresentment
0x00007ff8247db000 	/System/Library/PrivateFrameworks/DSExternalDisplay.framework/Versions/A/DSExternalDisplay
0x00007ffb2c87e000 	/System/Library/PrivateFrameworks/GPUCompiler.framework/Versions/32023/Libraries/libllvm-flatbuffers.dylib
0x00007ffa30fe4000 	/System/Library/Frameworks/OpenGL.framework/Versions/A/Libraries/libCoreFSCache.dylib
0x00007ffb29a06000 	/System/Library/PrivateFrameworks/GPUCompiler.framework/Versions/32023/Libraries/libGPUCompilerUtils.dylib
0x00007ff824848000 	/System/Library/PrivateFrameworks/CMCaptureCore.framework/Versions/A/CMCaptureCore
0x00007ffb199f5000 	/System/Library/Frameworks/ExtensionFoundation.framework/Versions/A/ExtensionFoundation
0x00007ff82bb2c000 	/System/Library/PrivateFrameworks/CoreTime.framework/Versions/A/CoreTime
0x00007ff823ce1000 	/System/Library/PrivateFrameworks/AppServerSupport.framework/Versions/A/AppServerSupport
0x00007ff826282000 	/System/Library/PrivateFrameworks/perfdata.framework/Versions/A/perfdata
0x00007ff816c68000 	/System/Library/PrivateFrameworks/AudioToolboxCore.framework/Versions/A/AudioToolboxCore
0x00007ff81f50d000 	/System/Library/PrivateFrameworks/caulk.framework/Versions/A/caulk
0x00007ff825b1a000 	/usr/lib/libAudioStatistics.dylib
0x00007ff91a9a5000 	/System/Library/PrivateFrameworks/SystemPolicy.framework/Versions/A/SystemPolicy
0x00007ff825ddc000 	/usr/lib/libSMC.dylib
0x00007ff82fbe4000 	/System/Library/Frameworks/CoreMIDI.framework/Versions/A/CoreMIDI
0x00007ff8246e7000 	/usr/lib/libAudioToolboxUtility.dylib
0x00007ff915f9b000 	/System/Library/PrivateFrameworks/OSAServicesClient.framework/Versions/A/OSAServicesClient
0x00007ff826290000 	/usr/lib/libperfcheck.dylib
0x00007ff82b5d8000 	/System/Library/PrivateFrameworks/BoardServices.framework/Versions/A/BoardServices
0x00007ff8239f7000 	/System/Library/PrivateFrameworks/PlugInKit.framework/Versions/A/PlugInKit
0x00007ff8211a4000 	/System/Library/PrivateFrameworks/AssertionServices.framework/Versions/A/AssertionServices
0x00007ffa1803e000 	/System/Library/PrivateFrameworks/Symbolication.framework/Versions/A/Symbolication
0x00007ffc17827000 	/System/Library/PrivateFrameworks/PhotosensitivityProcessing.framework/Versions/A/PhotosensitivityProcessing
0x00007ffa32606000 	/System/Library/Frameworks/OpenCL.framework/Versions/A/OpenCL
0x00007ff823c8c000 	/System/Library/PrivateFrameworks/GraphVisualizer.framework/Versions/A/GraphVisualizer
0x00007ffa31041000 	/System/Library/Frameworks/OpenGL.framework/Versions/A/Libraries/libGLU.dylib
0x00007ffa31003000 	/System/Library/Frameworks/OpenGL.framework/Versions/A/Libraries/libGFXShared.dylib
0x00007ffa311ff000 	/System/Library/Frameworks/OpenGL.framework/Versions/A/Libraries/libGL.dylib
0x00007ffa3100b000 	/System/Library/Frameworks/OpenGL.framework/Versions/A/Libraries/libGLImage.dylib
0x00007ffa31000000 	/System/Library/Frameworks/OpenGL.framework/Versions/A/Libraries/libCVMSPluginSupport.dylib
0x00007ffc2c6be000 	/usr/lib/libRosetta.dylib
0x00007ffa30feb000 	/System/Library/Frameworks/OpenGL.framework/Versions/A/Libraries/libCoreVMClient.dylib
0x00007ffb27d69000 	/System/Library/PrivateFrameworks/FontServices.framework/Versions/A/FontServices
0x00007ff823c9b000 	/System/Library/PrivateFrameworks/OTSVG.framework/Versions/A/OTSVG
0x00007ff81d748000 	/System/Library/Frameworks/ApplicationServices.framework/Versions/A/Frameworks/ATS.framework/Versions/A/Resources/libFontRegistry.dylib
0x00007ff823cec000 	/System/Library/PrivateFrameworks/FontServices.framework/libhvf.dylib
0x00007ffb27d6a000 	/System/Library/PrivateFrameworks/FontServices.framework/libXTFontStaticRegistryData.dylib
0x00007ff8201b3000 	/System/Library/Frameworks/MetalPerformanceShaders.framework/Versions/A/Frameworks/MPSCore.framework/Versions/A/MPSCore
0x00007ff821a08000 	/System/Library/Frameworks/MetalPerformanceShaders.framework/Versions/A/Frameworks/MPSImage.framework/Versions/A/MPSImage
0x00007ff821310000 	/System/Library/Frameworks/MetalPerformanceShaders.framework/Versions/A/Frameworks/MPSNeuralNetwork.framework/Versions/A/MPSNeuralNetwork
0x00007ff82187f000 	/System/Library/Frameworks/MetalPerformanceShaders.framework/Versions/A/Frameworks/MPSMatrix.framework/Versions/A/MPSMatrix
0x00007ff821631000 	/System/Library/Frameworks/MetalPerformanceShaders.framework/Versions/A/Frameworks/MPSRayIntersector.framework/Versions/A/MPSRayIntersector
0x00007ff8218be000 	/System/Library/Frameworks/MetalPerformanceShaders.framework/Versions/A/Frameworks/MPSNDArray.framework/Versions/A/MPSNDArray
0x00007ffb1b07f000 	/System/Library/Frameworks/MetalPerformanceShaders.framework/Versions/A/Frameworks/MPSFunctions.framework/Versions/A/MPSFunctions
0x00007ffb1b062000 	/System/Library/Frameworks/MetalPerformanceShaders.framework/Versions/A/Frameworks/MPSBenchmarkLoop.framework/Versions/A/MPSBenchmarkLoop
0x00007ff8154bf000 	/System/Library/PrivateFrameworks/MetalTools.framework/Versions/A/MetalTools
0x00007ff91fcfa000 	/System/Library/PrivateFrameworks/IOAccelMemoryInfo.framework/Versions/A/IOAccelMemoryInfo
0x00007ff92bfcb000 	/System/Library/PrivateFrameworks/kperf.framework/Versions/A/kperf
0x00007ff91b622000 	/System/Library/PrivateFrameworks/GPURawCounter.framework/Versions/A/GPURawCounter
0x00007ff82ba01000 	/System/Library/PrivateFrameworks/CoreSymbolication.framework/Versions/A/CoreSymbolication
0x00007ff91b5d2000 	/System/Library/PrivateFrameworks/MallocStackLogging.framework/Versions/A/MallocStackLogging
0x00007ff82389c000 	/System/Library/PrivateFrameworks/CrashReporterSupport.framework/Versions/A/CrashReporterSupport
0x00007ff82b9c2000 	/System/Library/PrivateFrameworks/DebugSymbols.framework/Versions/A/DebugSymbols
0x00007ff92a9eb000 	/System/Library/PrivateFrameworks/OSAnalytics.framework/Versions/A/OSAnalytics
0x00007ffc23a39000 	/System/Library/PrivateFrameworks/VideoToolboxParavirtualizationSupport.framework/Versions/A/VideoToolboxParavirtualizationSupport
0x00007ff823ac9000 	/System/Library/PrivateFrameworks/AppleVA.framework/Versions/A/AppleVA
0x00007ff825b5a000 	/System/Library/Frameworks/ApplicationServices.framework/Versions/A/Frameworks/ATS.framework/Versions/A/ATS
0x00007ff81b19f000 	/System/Library/Frameworks/ApplicationServices.framework/Versions/A/Frameworks/HIServices.framework/Versions/A/HIServices
0x00007ff824856000 	/System/Library/Frameworks/ApplicationServices.framework/Versions/A/Frameworks/PrintCore.framework/Versions/A/PrintCore
0x00007ff825f30000 	/System/Library/Frameworks/ApplicationServices.framework/Versions/A/Frameworks/QD.framework/Versions/A/QD
0x00007ff825f29000 	/System/Library/Frameworks/ApplicationServices.framework/Versions/A/Frameworks/ColorSyncLegacy.framework/Versions/A/ColorSyncLegacy
0x00007ff825b30000 	/System/Library/Frameworks/ApplicationServices.framework/Versions/A/Frameworks/SpeechSynthesis.framework/Versions/A/SpeechSynthesis
0x00007ff824812000 	/System/Library/Frameworks/ApplicationServices.framework/Versions/A/Frameworks/ATSUI.framework/Versions/A/ATSUI
0x00007ff825ebb000 	/usr/lib/libcups.2.dylib
0x00007ff82629f000 	/System/Library/Frameworks/Kerberos.framework/Versions/A/Kerberos
0x00007ff8262ae000 	/System/Library/Frameworks/GSS.framework/Versions/A/GSS
0x00007ff825bd3000 	/usr/lib/libresolv.9.dylib
0x00007ff823cfe000 	/System/Library/PrivateFrameworks/Heimdal.framework/Versions/A/Heimdal
0x00007ff82da3f000 	/System/Library/Frameworks/Kerberos.framework/Versions/A/Libraries/libHeimdalProxy.dylib
0x00007ff8262fb000 	/System/Library/PrivateFrameworks/CommonAuth.framework/Versions/A/CommonAuth
0x00007ffb18931000 	/System/Library/Frameworks/AVFAudio.framework/Versions/A/AVFAudio
0x00007ff915fe2000 	/System/Library/PrivateFrameworks/AXCoreUtilities.framework/Versions/A/AXCoreUtilities
0x00007ffb31be1000 	/System/Library/PrivateFrameworks/IsolatedCoreAudioClient.framework/Versions/A/IsolatedCoreAudioClient
0x00007ff825aa1000 	/System/Library/PrivateFrameworks/AudioSession.framework/Versions/A/AudioSession
0x00007ff8275b8000 	/System/Library/Frameworks/IOBluetooth.framework/Versions/A/IOBluetooth
0x00007ff823bd7000 	/System/Library/PrivateFrameworks/MediaExperience.framework/Versions/A/MediaExperience
0x00007ff8258f4000 	/System/Library/PrivateFrameworks/AudioSession.framework/libSessionUtility.dylib
0x00007ff825f3b000 	/System/Library/PrivateFrameworks/AudioResourceArbitration.framework/Versions/A/AudioResourceArbitration
0x00007ff82a66f000 	/System/Library/PrivateFrameworks/PowerLog.framework/Versions/A/PowerLog
0x00007ff82a58c000 	/System/Library/Frameworks/CoreBluetooth.framework/Versions/A/CoreBluetooth
0x00007ff82da40000 	/System/Library/Frameworks/AudioUnit.framework/Versions/A/AudioUnit
0x00007ff821017000 	/System/Library/PrivateFrameworks/CoreUtils.framework/Versions/A/CoreUtils
0x00007ffb2636e000 	/System/Library/PrivateFrameworks/CoreUtilsExtras.framework/Versions/A/CoreUtilsExtras
0x00007ffb306e2000 	/System/Library/PrivateFrameworks/IO80211.framework/Versions/A/IO80211
0x00007ff82b51a000 	/System/Library/PrivateFrameworks/FrontBoardServices.framework/Versions/A/FrontBoardServices
0x00007ff82d029000 	/System/Library/PrivateFrameworks/BackBoardServices.framework/Versions/A/BackBoardServices
0x00007ff823b3b000 	/System/Library/PrivateFrameworks/IconFoundation.framework/Versions/A/IconFoundation
0x00007ff829596000 	/System/Library/PrivateFrameworks/SpeechRecognitionCore.framework/Versions/A/SpeechRecognitionCore
0x00007ff915ffb000 	/usr/lib/libAccessibility.dylib
0x00007ff829c83000 	/System/Library/Frameworks/MediaAccessibility.framework/Versions/A/MediaAccessibility
0x00007ffa1b9a9000 	/System/Library/Frameworks/OSLog.framework/Versions/A/OSLog
0x00007ff91b55d000 	/System/Library/PrivateFrameworks/LoggingSupport.framework/Versions/A/LoggingSupport
0x0000000110772000 	/Users/hamir01/Library/Java/JavaVirtualMachines/corretto-17.0.7/Contents/Home/lib/server/libjvm.dylib
0x000000010f0ff000 	/Users/hamir01/Library/Java/JavaVirtualMachines/corretto-17.0.7/Contents/Home/lib/libjimage.dylib
0x000000010f153000 	/Users/hamir01/Library/Java/JavaVirtualMachines/corretto-17.0.7/Contents/Home/lib/libjdwp.dylib
0x000000010f197000 	/Users/hamir01/Library/Java/JavaVirtualMachines/corretto-17.0.7/Contents/Home/lib/libjava.dylib
0x000000010f122000 	/Users/hamir01/Library/Java/JavaVirtualMachines/corretto-17.0.7/Contents/Home/lib/libinstrument.dylib
0x00007ffc2c436000 	/usr/lib/i18n/libiconv_std.dylib
0x00007ffc2c42d000 	/usr/lib/i18n/libUTF8.dylib
0x00007ffc2c439000 	/usr/lib/i18n/libmapper_646.dylib
0x000000010f136000 	/Users/hamir01/Library/Java/JavaVirtualMachines/corretto-17.0.7/Contents/Home/lib/libdt_socket.dylib
0x000000010f2bf000 	/Users/hamir01/Library/Java/JavaVirtualMachines/corretto-17.0.7/Contents/Home/lib/libzip.dylib
0x000000010f2ee000 	/Users/hamir01/Library/Java/JavaVirtualMachines/corretto-17.0.7/Contents/Home/lib/libnio.dylib
0x000000010f328000 	/Users/hamir01/Library/Java/JavaVirtualMachines/corretto-17.0.7/Contents/Home/lib/libnet.dylib
0x000000010f2ac000 	/Users/hamir01/Library/Java/JavaVirtualMachines/corretto-17.0.7/Contents/Home/lib/libmanagement.dylib
0x000000010f2d3000 	/Users/hamir01/Library/Java/JavaVirtualMachines/corretto-17.0.7/Contents/Home/lib/libmanagement_ext.dylib
0x00007ff825336000 	/usr/lib/libusrtcp.dylib
0x00007ff819e91000 	/usr/lib/libboringssl.dylib
0x000000010f30a000 	/Users/hamir01/Library/Java/JavaVirtualMachines/corretto-17.0.7/Contents/Home/lib/libextnet.dylib
0x000000010f35e000 	/Users/hamir01/Library/Java/JavaVirtualMachines/corretto-17.0.7/Contents/Home/lib/libverify.dylib


VM Arguments:
jvm_args: -XX:+ShowCodeDetailsInExceptionMessages -agentlib:jdwp=transport=dt_socket,suspend=y,address=localhost:65120 -Dcom.sun.management.jmxremote -Dcom.sun.management.jmxremote.port=65119 -Dcom.sun.management.jmxremote.authenticate=false -Dcom.sun.management.jmxremote.ssl=false -Djava.rmi.server.hostname=localhost -Dspring.jmx.enabled=true -Dmanagement.endpoints.jmx.exposure.include=* -Dspring.application.admin.enabled=true -Djava.security.egd=file:/dev/./urandom -XX:TieredStopAtLevel=1 -Dspring.boot.project.name=cards -javaagent:/Applications/SpringToolSuite4 2.app/Contents/Eclipse/configuration/org.eclipse.osgi/259/0/.cp/lib/javaagent-shaded.jar -Dfile.encoding=UTF-8 
java_command: com.eazybytes.cards.CardsApplication --spring.output.ansi.enabled=always
java_class_path (initial): /Users/hamir01/Downloads/cards/target/classes:/Users/hamir01/.m2/repository/org/springframework/boot/spring-boot-starter-data-jpa/3.2.5/spring-boot-starter-data-jpa-3.2.5.jar:/Users/hamir01/.m2/repository/org/springframework/boot/spring-boot-starter-aop/3.2.5/spring-boot-starter-aop-3.2.5.jar:/Users/hamir01/.m2/repository/org/springframework/spring-aop/6.1.6/spring-aop-6.1.6.jar:/Users/hamir01/.m2/repository/org/aspectj/aspectjweaver/1.9.22/aspectjweaver-1.9.22.jar:/Users/hamir01/.m2/repository/org/springframework/boot/spring-boot-starter-jdbc/3.2.5/spring-boot-starter-jdbc-3.2.5.jar:/Users/hamir01/.m2/repository/com/zaxxer/HikariCP/5.0.1/HikariCP-5.0.1.jar:/Users/hamir01/.m2/repository/org/springframework/spring-jdbc/6.1.6/spring-jdbc-6.1.6.jar:/Users/hamir01/.m2/repository/org/hibernate/orm/hibernate-core/6.4.4.Final/hibernate-core-6.4.4.Final.jar:/Users/hamir01/.m2/repository/jakarta/persistence/jakarta.persistence-api/3.1.0/jakarta.persistence-api-3.1.0.jar:/Users/hamir01/.m2/repository/jakarta/transaction/jakarta.transaction-api/2.0.1/jakarta.transaction-api-2.0.1.jar:/Users/hamir01/.m2/repository/org/jboss/logging/jboss-logging/3.5.3.Final/jboss-logging-3.5.3.Final.jar:/Users/hamir01/.m2/repository/org/hibernate/common/hibernate-commons-annotations/6.0.6.Final/hibernate-commons-annotations-6.0.6.Final.jar:/Users/hamir01/.m2/repository/io/smallrye/jandex/3.1.2/jandex-3.1.2.jar:/Users/hamir01/.m2/repository/com/fasterxml/classmate/1.6.0/classmate-1.6.0.jar:/Users/hamir01/.m2/repository/net/bytebuddy/byte-buddy/1.14.13/byte-buddy-1.14.13.jar:/Users/hamir01/.m2/repository/org/glassfish/jaxb/jaxb-runtime/4.0.5/jaxb-runtime-4.0.5.jar:/Users/hamir01/.m2/repository/org/glassfish/jaxb/jaxb-core/4.0.5/jaxb-core-4.0.5.jar:/Users/hamir01/.m2/repository/org/eclipse/angus/angus-activation/2.0.2/angus-activation-2.0.2.jar:/Users/hamir01/.m2/repository/org/glassfish/jaxb/txw2/4.0.5/txw2-4.0.5.jar:/Users/hamir01/.m2/repository/com/sun/istack/istack
Launcher Type: SUN_STANDARD

[Global flags]
     intx CICompilerCount                          = 4                                         {product} {ergonomic}
     uint ConcGCThreads                            = 3                                         {product} {ergonomic}
     uint G1ConcRefinementThreads                  = 10                                        {product} {ergonomic}
   size_t G1HeapRegionSize                         = 4194304                                   {product} {ergonomic}
    uintx GCDrainStackTargetSize                   = 64                                        {product} {ergonomic}
   size_t InitialHeapSize                          = 536870912                                 {product} {ergonomic}
     bool ManagementServer                         = true                                      {product} {command line}
   size_t MarkStackSize                            = 4194304                                   {product} {ergonomic}
   size_t MaxHeapSize                              = 8589934592                                {product} {ergonomic}
   size_t MaxNewSize                               = 5150605312                                {product} {ergonomic}
   size_t MinHeapDeltaBytes                        = 4194304                                   {product} {ergonomic}
   size_t MinHeapSize                              = 8388608                                   {product} {ergonomic}
    uintx NonProfiledCodeHeapSize                  = 0                                      {pd product} {ergonomic}
     bool ProfileInterpreter                       = false                                  {pd product} {command line}
    uintx ProfiledCodeHeapSize                     = 0                                      {pd product} {ergonomic}
     bool ShowCodeDetailsInExceptionMessages       = true                                   {manageable} {command line}
   size_t SoftMaxHeapSize                          = 8589934592                             {manageable} {ergonomic}
     intx TieredStopAtLevel                        = 1                                         {product} {command line}
     bool UseCompressedClassPointers               = true                           {product lp64_product} {ergonomic}
     bool UseCompressedOops                        = true                           {product lp64_product} {ergonomic}
     bool UseG1GC                                  = true                                      {product} {ergonomic}
     bool UseNUMA                                  = false                                     {product} {ergonomic}
     bool UseNUMAInterleaving                      = false                                     {product} {ergonomic}

Logging:
Log output configuration:
 #0: stdout all=warning uptime,level,tags
 #1: stderr all=off uptime,level,tags

Environment Variables:
PATH=/usr/bin:/bin:/usr/sbin:/sbin
SHELL=/bin/zsh
DISPLAY=/private/tmp/com.apple.launchd.hvE10vR9nT/org.xquartz:0
TMPDIR=/var/folders/9c/6sgn09yx0q976vfj2_ylxs9m0000gp/T/

Active Locale:
LC_ALL=C
LC_COLLATE=C
LC_CTYPE=C
LC_MESSAGES=C
LC_MONETARY=C
LC_NUMERIC=C
LC_TIME=C

Signal Handlers:
   SIGSEGV: crash_handler in libjvm.dylib, mask=11100110000111110111111111111111, flags=SA_RESTART|SA_SIGINFO, unblocked
    SIGBUS: crash_handler in libjvm.dylib, mask=11100110000111110111111111111111, flags=SA_RESTART|SA_SIGINFO, unblocked
    SIGFPE: crash_handler in libjvm.dylib, mask=11100110000111110111111111111111, flags=SA_RESTART|SA_SIGINFO, unblocked
   SIGPIPE: javaSignalHandler in libjvm.dylib, mask=11100110000111110111111111111111, flags=SA_RESTART|SA_SIGINFO, blocked
   SIGXFSZ: javaSignalHandler in libjvm.dylib, mask=11100110000111110111111111111111, flags=SA_RESTART|SA_SIGINFO, blocked
    SIGILL: crash_handler in libjvm.dylib, mask=11100110000111110111111111111111, flags=SA_RESTART|SA_SIGINFO, unblocked
   SIGUSR2: SR_handler in libjvm.dylib, mask=00100000000000000000000000000000, flags=SA_RESTART|SA_SIGINFO, blocked
    SIGHUP: UserHandler in libjvm.dylib, mask=11100110000111110111111111111111, flags=SA_RESTART|SA_SIGINFO, blocked
    SIGINT: UserHandler in libjvm.dylib, mask=11100110000111110111111111111111, flags=SA_RESTART|SA_SIGINFO, blocked
   SIGTERM: UserHandler in libjvm.dylib, mask=11100110000111110111111111111111, flags=SA_RESTART|SA_SIGINFO, blocked
   SIGQUIT: UserHandler in libjvm.dylib, mask=11100110000111110111111111111111, flags=SA_RESTART|SA_SIGINFO, blocked
   SIGTRAP: crash_handler in libjvm.dylib, mask=11100110000111110111111111111111, flags=SA_RESTART|SA_SIGINFO, unblocked


---------------  S Y S T E M  ---------------

OS:
uname: Darwin 23.4.0 Darwin Kernel Version 23.4.0: Fri Mar 15 00:11:05 PDT 2024; root:xnu-10063.101.17~1/RELEASE_X86_64 x86_64
OS uptime: 7 days 22:48 hours
rlimit (soft/hard): STACK 8192k/65532k , CORE 0k/infinity , NPROC 5568/8352 , NOFILE 10240/infinity , AS infinity/infinity , CPU infinity/infinity , DATA infinity/infinity , FSIZE infinity/infinity , MEMLOCK infinity/infinity , RSS infinity/infinity
load average: 8.01 7.81 7.77

CPU: total 12 (initial active 12) (6 cores per cpu, 2 threads per core) family 6 model 158 stepping 10 microcode 0xf6, cx8, cmov, fxsr, ht, mmx, 3dnowpref, sse, sse2, sse3, ssse3, sse4.1, sse4.2, popcnt, lzcnt, tsc, tscinvbit, avx, avx2, aes, erms, clmul, bmi1, bmi2, rtm, adx, fma, vzeroupper, clflush, clflushopt

Memory: 4k page, physical 33554432k(2738796k free), swap 2097152k(1612544k free)

vm_info: OpenJDK 64-Bit Server VM (17.0.7+7-LTS) for bsd-amd64 JRE (17.0.7+7-LTS), built on Apr 14 2023 01:24:02 by "ec2user" with clang Apple LLVM 13.0.0 (clang-1300.0.29.30)

END.
